{"/Users/smarty/data-vis-demo/script.js": {"path":"/Users/smarty/data-vis-demo/script.js","statementMap":{"0":{"start":{"line":3,"column":12},"end":{"line":3,"column":46}},"1":{"start":{"line":6,"column":2},"end":{"line":9,"column":3}},"2":{"start":{"line":7,"column":4},"end":{"line":7,"column":47}},"3":{"start":{"line":8,"column":4},"end":{"line":8,"column":11}},"4":{"start":{"line":12,"column":2},"end":{"line":12,"column":19}},"5":{"start":{"line":15,"column":2},"end":{"line":39,"column":5}},"6":{"start":{"line":16,"column":4},"end":{"line":16,"column":25}},"7":{"start":{"line":16,"column":18},"end":{"line":16,"column":25}},"8":{"start":{"line":19,"column":14},"end":{"line":19,"column":43}},"9":{"start":{"line":20,"column":4},"end":{"line":21,"column":163}},"10":{"start":{"line":24,"column":16},"end":{"line":24,"column":45}},"11":{"start":{"line":25,"column":4},"end":{"line":25,"column":22}},"12":{"start":{"line":26,"column":4},"end":{"line":26,"column":22}},"13":{"start":{"line":27,"column":4},"end":{"line":27,"column":51}},"14":{"start":{"line":30,"column":16},"end":{"line":30,"column":45}},"15":{"start":{"line":31,"column":4},"end":{"line":31,"column":30}},"16":{"start":{"line":32,"column":4},"end":{"line":32,"column":75}},"17":{"start":{"line":35,"column":4},"end":{"line":35,"column":23}},"18":{"start":{"line":38,"column":4},"end":{"line":38,"column":21}},"19":{"start":{"line":42,"column":0},"end":{"line":1542,"column":3}},"20":{"start":{"line":46,"column":18},"end":{"line":46,"column":29}},"21":{"start":{"line":47,"column":19},"end":{"line":47,"column":32}},"22":{"start":{"line":48,"column":18},"end":{"line":48,"column":196}},"23":{"start":{"line":49,"column":20},"end":{"line":49,"column":207}},"24":{"start":{"line":52,"column":2},"end":{"line":78,"column":26}},"25":{"start":{"line":53,"column":15},"end":{"line":53,"column":23}},"26":{"start":{"line":55,"column":20},"end":{"line":55,"column":60}},"27":{"start":{"line":55,"column":43},"end":{"line":55,"column":59}},"28":{"start":{"line":56,"column":6},"end":{"line":56,"column":25}},"29":{"start":{"line":56,"column":18},"end":{"line":56,"column":25}},"30":{"start":{"line":59,"column":18},"end":{"line":59,"column":51}},"31":{"start":{"line":62,"column":6},"end":{"line":62,"column":65}},"32":{"start":{"line":63,"column":6},"end":{"line":68,"column":9}},"33":{"start":{"line":64,"column":18},"end":{"line":64,"column":50}},"34":{"start":{"line":65,"column":8},"end":{"line":65,"column":26}},"35":{"start":{"line":66,"column":8},"end":{"line":66,"column":32}},"36":{"start":{"line":67,"column":8},"end":{"line":67,"column":27}},"37":{"start":{"line":71,"column":6},"end":{"line":73,"column":9}},"38":{"start":{"line":72,"column":8},"end":{"line":72,"column":40}},"39":{"start":{"line":76,"column":6},"end":{"line":76,"column":38}},"40":{"start":{"line":85,"column":21},"end":{"line":87,"column":45}},"41":{"start":{"line":89,"column":16},"end":{"line":98,"column":14}},"42":{"start":{"line":100,"column":4},"end":{"line":137,"column":28}},"43":{"start":{"line":101,"column":17},"end":{"line":101,"column":25}},"44":{"start":{"line":103,"column":22},"end":{"line":103,"column":72}},"45":{"start":{"line":103,"column":45},"end":{"line":103,"column":71}},"46":{"start":{"line":104,"column":8},"end":{"line":104,"column":27}},"47":{"start":{"line":104,"column":20},"end":{"line":104,"column":27}},"48":{"start":{"line":107,"column":22},"end":{"line":107,"column":52}},"49":{"start":{"line":107,"column":44},"end":{"line":107,"column":51}},"50":{"start":{"line":108,"column":23},"end":{"line":108,"column":40}},"51":{"start":{"line":111,"column":26},"end":{"line":111,"column":66}},"52":{"start":{"line":112,"column":8},"end":{"line":112,"column":33}},"53":{"start":{"line":115,"column":8},"end":{"line":133,"column":11}},"54":{"start":{"line":116,"column":23},"end":{"line":116,"column":54}},"55":{"start":{"line":117,"column":10},"end":{"line":117,"column":42}},"56":{"start":{"line":119,"column":21},"end":{"line":119,"column":52}},"57":{"start":{"line":120,"column":10},"end":{"line":120,"column":31}},"58":{"start":{"line":121,"column":10},"end":{"line":121,"column":27}},"59":{"start":{"line":123,"column":21},"end":{"line":123,"column":50}},"60":{"start":{"line":124,"column":10},"end":{"line":124,"column":34}},"61":{"start":{"line":125,"column":10},"end":{"line":125,"column":38}},"62":{"start":{"line":127,"column":21},"end":{"line":127,"column":51}},"63":{"start":{"line":128,"column":10},"end":{"line":128,"column":31}},"64":{"start":{"line":129,"column":10},"end":{"line":129,"column":33}},"65":{"start":{"line":131,"column":10},"end":{"line":131,"column":34}},"66":{"start":{"line":132,"column":10},"end":{"line":132,"column":38}},"67":{"start":{"line":142,"column":19},"end":{"line":145,"column":5}},"68":{"start":{"line":143,"column":16},"end":{"line":143,"column":29}},"69":{"start":{"line":144,"column":6},"end":{"line":144,"column":37}},"70":{"start":{"line":146,"column":4},"end":{"line":153,"column":7}},"71":{"start":{"line":147,"column":17},"end":{"line":147,"column":26}},"72":{"start":{"line":147,"column":33},"end":{"line":147,"column":42}},"73":{"start":{"line":148,"column":6},"end":{"line":148,"column":36}},"74":{"start":{"line":148,"column":21},"end":{"line":148,"column":36}},"75":{"start":{"line":149,"column":17},"end":{"line":149,"column":28}},"76":{"start":{"line":149,"column":35},"end":{"line":149,"column":46}},"77":{"start":{"line":150,"column":6},"end":{"line":150,"column":36}},"78":{"start":{"line":150,"column":21},"end":{"line":150,"column":36}},"79":{"start":{"line":151,"column":17},"end":{"line":151,"column":28}},"80":{"start":{"line":151,"column":35},"end":{"line":151,"column":46}},"81":{"start":{"line":152,"column":6},"end":{"line":152,"column":21}},"82":{"start":{"line":160,"column":19},"end":{"line":163,"column":5}},"83":{"start":{"line":161,"column":16},"end":{"line":161,"column":29}},"84":{"start":{"line":162,"column":6},"end":{"line":162,"column":37}},"85":{"start":{"line":164,"column":4},"end":{"line":173,"column":7}},"86":{"start":{"line":165,"column":17},"end":{"line":165,"column":26}},"87":{"start":{"line":165,"column":33},"end":{"line":165,"column":42}},"88":{"start":{"line":166,"column":6},"end":{"line":166,"column":36}},"89":{"start":{"line":166,"column":21},"end":{"line":166,"column":36}},"90":{"start":{"line":168,"column":17},"end":{"line":168,"column":28}},"91":{"start":{"line":168,"column":35},"end":{"line":168,"column":46}},"92":{"start":{"line":169,"column":6},"end":{"line":169,"column":36}},"93":{"start":{"line":169,"column":21},"end":{"line":169,"column":36}},"94":{"start":{"line":171,"column":17},"end":{"line":171,"column":28}},"95":{"start":{"line":171,"column":35},"end":{"line":171,"column":46}},"96":{"start":{"line":172,"column":6},"end":{"line":172,"column":21}},"97":{"start":{"line":183,"column":2},"end":{"line":191,"column":4}},"98":{"start":{"line":184,"column":14},"end":{"line":184,"column":53}},"99":{"start":{"line":185,"column":14},"end":{"line":185,"column":66}},"100":{"start":{"line":186,"column":4},"end":{"line":190,"column":6}},"101":{"start":{"line":193,"column":2},"end":{"line":220,"column":4}},"102":{"start":{"line":194,"column":27},"end":{"line":195,"column":26}},"103":{"start":{"line":195,"column":17},"end":{"line":195,"column":25}},"104":{"start":{"line":197,"column":4},"end":{"line":200,"column":5}},"105":{"start":{"line":198,"column":6},"end":{"line":198,"column":50}},"106":{"start":{"line":199,"column":6},"end":{"line":199,"column":13}},"107":{"start":{"line":202,"column":19},"end":{"line":202,"column":58}},"108":{"start":{"line":203,"column":20},"end":{"line":205,"column":45}},"109":{"start":{"line":207,"column":24},"end":{"line":209,"column":16}},"110":{"start":{"line":208,"column":16},"end":{"line":208,"column":56}},"111":{"start":{"line":212,"column":6},"end":{"line":217,"column":17}},"112":{"start":{"line":219,"column":4},"end":{"line":219,"column":35}},"113":{"start":{"line":228,"column":22},"end":{"line":228,"column":31}},"114":{"start":{"line":229,"column":27},"end":{"line":229,"column":29}},"115":{"start":{"line":234,"column":20},"end":{"line":234,"column":54}},"116":{"start":{"line":235,"column":17},"end":{"line":235,"column":18}},"117":{"start":{"line":239,"column":21},"end":{"line":239,"column":66}},"118":{"start":{"line":239,"column":42},"end":{"line":239,"column":65}},"119":{"start":{"line":240,"column":21},"end":{"line":242,"column":7}},"120":{"start":{"line":241,"column":13},"end":{"line":241,"column":71}},"121":{"start":{"line":245,"column":20},"end":{"line":245,"column":56}},"122":{"start":{"line":246,"column":6},"end":{"line":251,"column":9}},"123":{"start":{"line":247,"column":8},"end":{"line":247,"column":27}},"124":{"start":{"line":248,"column":8},"end":{"line":250,"column":49}},"125":{"start":{"line":249,"column":23},"end":{"line":249,"column":67}},"126":{"start":{"line":250,"column":24},"end":{"line":250,"column":47}},"127":{"start":{"line":254,"column":6},"end":{"line":259,"column":7}},"128":{"start":{"line":255,"column":8},"end":{"line":255,"column":35}},"129":{"start":{"line":256,"column":8},"end":{"line":258,"column":49}},"130":{"start":{"line":257,"column":23},"end":{"line":257,"column":50}},"131":{"start":{"line":258,"column":24},"end":{"line":258,"column":47}},"132":{"start":{"line":262,"column":6},"end":{"line":262,"column":26}},"133":{"start":{"line":265,"column":6},"end":{"line":265,"column":32}},"134":{"start":{"line":266,"column":6},"end":{"line":270,"column":11}},"135":{"start":{"line":267,"column":21},"end":{"line":267,"column":41}},"136":{"start":{"line":269,"column":10},"end":{"line":269,"column":97}},"137":{"start":{"line":271,"column":6},"end":{"line":271,"column":22}},"138":{"start":{"line":272,"column":6},"end":{"line":272,"column":38}},"139":{"start":{"line":275,"column":6},"end":{"line":277,"column":7}},"140":{"start":{"line":276,"column":8},"end":{"line":276,"column":36}},"141":{"start":{"line":281,"column":4},"end":{"line":281,"column":15}},"142":{"start":{"line":288,"column":4},"end":{"line":288,"column":48}},"143":{"start":{"line":290,"column":4},"end":{"line":1415,"column":28}},"144":{"start":{"line":291,"column":17},"end":{"line":291,"column":25}},"145":{"start":{"line":293,"column":22},"end":{"line":293,"column":38}},"146":{"start":{"line":294,"column":22},"end":{"line":294,"column":25}},"147":{"start":{"line":295,"column":19},"end":{"line":295,"column":22}},"148":{"start":{"line":298,"column":20},"end":{"line":302,"column":33}},"149":{"start":{"line":305,"column":26},"end":{"line":305,"column":41}},"150":{"start":{"line":307,"column":8},"end":{"line":313,"column":10}},"151":{"start":{"line":312,"column":29},"end":{"line":312,"column":69}},"152":{"start":{"line":316,"column":18},"end":{"line":316,"column":20}},"153":{"start":{"line":319,"column":10},"end":{"line":319,"column":63}},"154":{"start":{"line":320,"column":10},"end":{"line":320,"column":19}},"155":{"start":{"line":322,"column":10},"end":{"line":323,"column":52}},"156":{"start":{"line":325,"column":10},"end":{"line":337,"column":13}},"157":{"start":{"line":326,"column":22},"end":{"line":326,"column":71}},"158":{"start":{"line":327,"column":25},"end":{"line":330,"column":38}},"159":{"start":{"line":331,"column":26},"end":{"line":335,"column":27}},"160":{"start":{"line":336,"column":12},"end":{"line":336,"column":46}},"161":{"start":{"line":341,"column":24},"end":{"line":351,"column":42}},"162":{"start":{"line":354,"column":8},"end":{"line":358,"column":10}},"163":{"start":{"line":356,"column":25},"end":{"line":356,"column":47}},"164":{"start":{"line":357,"column":23},"end":{"line":357,"column":71}},"165":{"start":{"line":361,"column":20},"end":{"line":361,"column":22}},"166":{"start":{"line":362,"column":18},"end":{"line":362,"column":20}},"167":{"start":{"line":363,"column":28},"end":{"line":363,"column":30}},"168":{"start":{"line":364,"column":8},"end":{"line":364,"column":34}},"169":{"start":{"line":365,"column":27},"end":{"line":365,"column":31}},"170":{"start":{"line":372,"column":8},"end":{"line":379,"column":9}},"171":{"start":{"line":373,"column":10},"end":{"line":377,"column":12}},"172":{"start":{"line":378,"column":10},"end":{"line":378,"column":35}},"173":{"start":{"line":382,"column":8},"end":{"line":443,"column":11}},"174":{"start":{"line":383,"column":10},"end":{"line":383,"column":49}},"175":{"start":{"line":383,"column":42},"end":{"line":383,"column":49}},"176":{"start":{"line":384,"column":24},"end":{"line":384,"column":38}},"177":{"start":{"line":385,"column":17},"end":{"line":385,"column":36}},"178":{"start":{"line":386,"column":17},"end":{"line":386,"column":35}},"179":{"start":{"line":389,"column":22},"end":{"line":396,"column":11}},"180":{"start":{"line":397,"column":10},"end":{"line":397,"column":26}},"181":{"start":{"line":398,"column":10},"end":{"line":398,"column":81}},"182":{"start":{"line":401,"column":10},"end":{"line":416,"column":13}},"183":{"start":{"line":402,"column":24},"end":{"line":402,"column":48}},"184":{"start":{"line":403,"column":12},"end":{"line":410,"column":13}},"185":{"start":{"line":404,"column":14},"end":{"line":408,"column":16}},"186":{"start":{"line":409,"column":14},"end":{"line":409,"column":43}},"187":{"start":{"line":411,"column":12},"end":{"line":415,"column":15}},"188":{"start":{"line":419,"column":22},"end":{"line":419,"column":77}},"189":{"start":{"line":419,"column":54},"end":{"line":419,"column":76}},"190":{"start":{"line":420,"column":10},"end":{"line":442,"column":11}},"191":{"start":{"line":421,"column":12},"end":{"line":441,"column":13}},"192":{"start":{"line":421,"column":25},"end":{"line":421,"column":26}},"193":{"start":{"line":422,"column":14},"end":{"line":440,"column":15}},"194":{"start":{"line":422,"column":27},"end":{"line":422,"column":32}},"195":{"start":{"line":423,"column":26},"end":{"line":423,"column":48}},"196":{"start":{"line":424,"column":22},"end":{"line":424,"column":44}},"197":{"start":{"line":425,"column":16},"end":{"line":439,"column":17}},"198":{"start":{"line":428,"column":22},"end":{"line":430,"column":59}},"199":{"start":{"line":433,"column":18},"end":{"line":438,"column":21}},"200":{"start":{"line":446,"column":8},"end":{"line":453,"column":11}},"201":{"start":{"line":447,"column":10},"end":{"line":452,"column":15}},"202":{"start":{"line":448,"column":12},"end":{"line":452,"column":15}},"203":{"start":{"line":454,"column":8},"end":{"line":454,"column":33}},"204":{"start":{"line":455,"column":8},"end":{"line":455,"column":33}},"205":{"start":{"line":456,"column":8},"end":{"line":456,"column":24}},"206":{"start":{"line":460,"column":34},"end":{"line":460,"column":72}},"207":{"start":{"line":461,"column":8},"end":{"line":475,"column":9}},"208":{"start":{"line":462,"column":10},"end":{"line":462,"column":43}},"209":{"start":{"line":464,"column":25},"end":{"line":464,"column":57}},"210":{"start":{"line":465,"column":10},"end":{"line":465,"column":31}},"211":{"start":{"line":466,"column":10},"end":{"line":466,"column":37}},"212":{"start":{"line":467,"column":10},"end":{"line":467,"column":48}},"213":{"start":{"line":469,"column":10},"end":{"line":474,"column":13}},"214":{"start":{"line":470,"column":24},"end":{"line":470,"column":56}},"215":{"start":{"line":471,"column":12},"end":{"line":471,"column":31}},"216":{"start":{"line":472,"column":12},"end":{"line":472,"column":37}},"217":{"start":{"line":473,"column":12},"end":{"line":473,"column":47}},"218":{"start":{"line":480,"column":8},"end":{"line":484,"column":11}},"219":{"start":{"line":486,"column":8},"end":{"line":602,"column":11}},"220":{"start":{"line":487,"column":22},"end":{"line":487,"column":45}},"221":{"start":{"line":490,"column":23},"end":{"line":490,"column":32}},"222":{"start":{"line":491,"column":32},"end":{"line":491,"column":34}},"223":{"start":{"line":492,"column":32},"end":{"line":492,"column":34}},"224":{"start":{"line":495,"column":10},"end":{"line":498,"column":11}},"225":{"start":{"line":496,"column":12},"end":{"line":496,"column":38}},"226":{"start":{"line":497,"column":12},"end":{"line":497,"column":45}},"227":{"start":{"line":501,"column":10},"end":{"line":506,"column":13}},"228":{"start":{"line":502,"column":12},"end":{"line":505,"column":13}},"229":{"start":{"line":503,"column":14},"end":{"line":503,"column":29}},"230":{"start":{"line":504,"column":14},"end":{"line":504,"column":36}},"231":{"start":{"line":507,"column":10},"end":{"line":511,"column":12}},"232":{"start":{"line":509,"column":27},"end":{"line":509,"column":58}},"233":{"start":{"line":510,"column":25},"end":{"line":510,"column":59}},"234":{"start":{"line":515,"column":10},"end":{"line":525,"column":13}},"235":{"start":{"line":516,"column":24},"end":{"line":516,"column":77}},"236":{"start":{"line":517,"column":24},"end":{"line":517,"column":77}},"237":{"start":{"line":518,"column":12},"end":{"line":524,"column":13}},"238":{"start":{"line":519,"column":14},"end":{"line":522,"column":15}},"239":{"start":{"line":520,"column":16},"end":{"line":520,"column":30}},"240":{"start":{"line":521,"column":16},"end":{"line":521,"column":69}},"241":{"start":{"line":521,"column":54},"end":{"line":521,"column":66}},"242":{"start":{"line":523,"column":14},"end":{"line":523,"column":81}},"243":{"start":{"line":528,"column":10},"end":{"line":534,"column":13}},"244":{"start":{"line":529,"column":24},"end":{"line":529,"column":77}},"245":{"start":{"line":530,"column":24},"end":{"line":530,"column":77}},"246":{"start":{"line":531,"column":12},"end":{"line":533,"column":13}},"247":{"start":{"line":532,"column":14},"end":{"line":532,"column":55}},"248":{"start":{"line":537,"column":10},"end":{"line":537,"column":44}},"249":{"start":{"line":538,"column":23},"end":{"line":538,"column":47}},"250":{"start":{"line":539,"column":10},"end":{"line":551,"column":15}},"251":{"start":{"line":540,"column":25},"end":{"line":540,"column":56}},"252":{"start":{"line":542,"column":14},"end":{"line":550,"column":63}},"253":{"start":{"line":554,"column":10},"end":{"line":554,"column":63}},"254":{"start":{"line":555,"column":10},"end":{"line":555,"column":25}},"255":{"start":{"line":556,"column":28},"end":{"line":556,"column":37}},"256":{"start":{"line":557,"column":10},"end":{"line":562,"column":15}},"257":{"start":{"line":558,"column":25},"end":{"line":558,"column":45}},"258":{"start":{"line":560,"column":14},"end":{"line":560,"column":84}},"259":{"start":{"line":560,"column":50},"end":{"line":560,"column":84}},"260":{"start":{"line":561,"column":14},"end":{"line":561,"column":54}},"261":{"start":{"line":563,"column":10},"end":{"line":563,"column":36}},"262":{"start":{"line":564,"column":10},"end":{"line":564,"column":26}},"263":{"start":{"line":566,"column":29},"end":{"line":570,"column":12}},"264":{"start":{"line":567,"column":23},"end":{"line":567,"column":53}},"265":{"start":{"line":568,"column":19},"end":{"line":568,"column":49}},"266":{"start":{"line":569,"column":12},"end":{"line":569,"column":27}},"267":{"start":{"line":571,"column":10},"end":{"line":571,"column":40}},"268":{"start":{"line":574,"column":25},"end":{"line":574,"column":73}},"269":{"start":{"line":574,"column":45},"end":{"line":574,"column":72}},"270":{"start":{"line":575,"column":10},"end":{"line":575,"column":49}},"271":{"start":{"line":578,"column":10},"end":{"line":578,"column":52}},"272":{"start":{"line":579,"column":10},"end":{"line":579,"column":26}},"273":{"start":{"line":580,"column":24},"end":{"line":582,"column":51}},"274":{"start":{"line":584,"column":10},"end":{"line":596,"column":11}},"275":{"start":{"line":585,"column":22},"end":{"line":585,"column":70}},"276":{"start":{"line":586,"column":25},"end":{"line":589,"column":38}},"277":{"start":{"line":590,"column":26},"end":{"line":594,"column":27}},"278":{"start":{"line":595,"column":12},"end":{"line":595,"column":46}},"279":{"start":{"line":599,"column":10},"end":{"line":599,"column":52}},"280":{"start":{"line":612,"column":10},"end":{"line":612,"column":56}},"281":{"start":{"line":616,"column":19},"end":{"line":616,"column":32}},"282":{"start":{"line":617,"column":17},"end":{"line":617,"column":30}},"283":{"start":{"line":618,"column":23},"end":{"line":618,"column":25}},"284":{"start":{"line":620,"column":10},"end":{"line":626,"column":13}},"285":{"start":{"line":621,"column":12},"end":{"line":625,"column":13}},"286":{"start":{"line":622,"column":14},"end":{"line":622,"column":52}},"287":{"start":{"line":623,"column":26},"end":{"line":623,"column":81}},"288":{"start":{"line":623,"column":39},"end":{"line":623,"column":80}},"289":{"start":{"line":624,"column":14},"end":{"line":624,"column":48}},"290":{"start":{"line":624,"column":23},"end":{"line":624,"column":48}},"291":{"start":{"line":629,"column":10},"end":{"line":646,"column":13}},"292":{"start":{"line":630,"column":12},"end":{"line":645,"column":13}},"293":{"start":{"line":631,"column":27},"end":{"line":631,"column":72}},"294":{"start":{"line":632,"column":25},"end":{"line":638,"column":15}},"295":{"start":{"line":639,"column":14},"end":{"line":639,"column":66}},"296":{"start":{"line":639,"column":34},"end":{"line":639,"column":64}},"297":{"start":{"line":639,"column":50},"end":{"line":639,"column":63}},"298":{"start":{"line":640,"column":14},"end":{"line":642,"column":16}},"299":{"start":{"line":641,"column":21},"end":{"line":641,"column":82}},"300":{"start":{"line":641,"column":63},"end":{"line":641,"column":80}},"301":{"start":{"line":643,"column":14},"end":{"line":643,"column":71}},"302":{"start":{"line":644,"column":14},"end":{"line":644,"column":26}},"303":{"start":{"line":647,"column":10},"end":{"line":647,"column":42}},"304":{"start":{"line":654,"column":32},"end":{"line":654,"column":34}},"305":{"start":{"line":655,"column":29},"end":{"line":655,"column":30}},"306":{"start":{"line":658,"column":19},"end":{"line":658,"column":32}},"307":{"start":{"line":659,"column":17},"end":{"line":659,"column":30}},"308":{"start":{"line":660,"column":10},"end":{"line":682,"column":11}},"309":{"start":{"line":661,"column":12},"end":{"line":681,"column":13}},"310":{"start":{"line":662,"column":26},"end":{"line":662,"column":73}},"311":{"start":{"line":663,"column":25},"end":{"line":669,"column":15}},"312":{"start":{"line":670,"column":14},"end":{"line":670,"column":66}},"313":{"start":{"line":670,"column":34},"end":{"line":670,"column":64}},"314":{"start":{"line":670,"column":50},"end":{"line":670,"column":63}},"315":{"start":{"line":671,"column":14},"end":{"line":673,"column":16}},"316":{"start":{"line":672,"column":21},"end":{"line":672,"column":82}},"317":{"start":{"line":672,"column":63},"end":{"line":672,"column":80}},"318":{"start":{"line":674,"column":14},"end":{"line":679,"column":19}},"319":{"start":{"line":675,"column":16},"end":{"line":679,"column":19}},"320":{"start":{"line":680,"column":14},"end":{"line":680,"column":26}},"321":{"start":{"line":683,"column":10},"end":{"line":683,"column":42}},"322":{"start":{"line":687,"column":19},"end":{"line":687,"column":32}},"323":{"start":{"line":688,"column":17},"end":{"line":688,"column":30}},"324":{"start":{"line":689,"column":23},"end":{"line":689,"column":25}},"325":{"start":{"line":690,"column":10},"end":{"line":696,"column":13}},"326":{"start":{"line":691,"column":12},"end":{"line":695,"column":13}},"327":{"start":{"line":692,"column":14},"end":{"line":692,"column":52}},"328":{"start":{"line":693,"column":26},"end":{"line":693,"column":81}},"329":{"start":{"line":693,"column":39},"end":{"line":693,"column":80}},"330":{"start":{"line":694,"column":14},"end":{"line":694,"column":48}},"331":{"start":{"line":694,"column":23},"end":{"line":694,"column":48}},"332":{"start":{"line":697,"column":10},"end":{"line":714,"column":13}},"333":{"start":{"line":698,"column":12},"end":{"line":713,"column":13}},"334":{"start":{"line":699,"column":27},"end":{"line":699,"column":72}},"335":{"start":{"line":700,"column":25},"end":{"line":706,"column":15}},"336":{"start":{"line":707,"column":14},"end":{"line":707,"column":66}},"337":{"start":{"line":707,"column":34},"end":{"line":707,"column":64}},"338":{"start":{"line":707,"column":50},"end":{"line":707,"column":63}},"339":{"start":{"line":708,"column":14},"end":{"line":710,"column":16}},"340":{"start":{"line":709,"column":21},"end":{"line":709,"column":82}},"341":{"start":{"line":709,"column":63},"end":{"line":709,"column":80}},"342":{"start":{"line":711,"column":14},"end":{"line":711,"column":71}},"343":{"start":{"line":712,"column":14},"end":{"line":712,"column":26}},"344":{"start":{"line":715,"column":10},"end":{"line":715,"column":42}},"345":{"start":{"line":719,"column":20},"end":{"line":719,"column":55}},"346":{"start":{"line":720,"column":10},"end":{"line":720,"column":60}},"347":{"start":{"line":724,"column":19},"end":{"line":724,"column":64}},"348":{"start":{"line":724,"column":40},"end":{"line":724,"column":63}},"349":{"start":{"line":725,"column":17},"end":{"line":725,"column":66}},"350":{"start":{"line":725,"column":38},"end":{"line":725,"column":65}},"351":{"start":{"line":727,"column":10},"end":{"line":755,"column":13}},"352":{"start":{"line":728,"column":12},"end":{"line":728,"column":25}},"353":{"start":{"line":729,"column":12},"end":{"line":740,"column":13}},"354":{"start":{"line":731,"column":14},"end":{"line":739,"column":63}},"355":{"start":{"line":743,"column":12},"end":{"line":754,"column":13}},"356":{"start":{"line":744,"column":14},"end":{"line":748,"column":17}},"357":{"start":{"line":751,"column":14},"end":{"line":753,"column":49}},"358":{"start":{"line":752,"column":29},"end":{"line":752,"column":73}},"359":{"start":{"line":753,"column":30},"end":{"line":753,"column":47}},"360":{"start":{"line":758,"column":21},"end":{"line":758,"column":34}},"361":{"start":{"line":758,"column":41},"end":{"line":758,"column":54}},"362":{"start":{"line":758,"column":60},"end":{"line":758,"column":62}},"363":{"start":{"line":760,"column":10},"end":{"line":766,"column":13}},"364":{"start":{"line":761,"column":22},"end":{"line":761,"column":54}},"365":{"start":{"line":762,"column":22},"end":{"line":762,"column":51}},"366":{"start":{"line":762,"column":35},"end":{"line":762,"column":50}},"367":{"start":{"line":763,"column":12},"end":{"line":763,"column":39}},"368":{"start":{"line":764,"column":12},"end":{"line":764,"column":39}},"369":{"start":{"line":765,"column":12},"end":{"line":765,"column":28}},"370":{"start":{"line":769,"column":10},"end":{"line":769,"column":42}},"371":{"start":{"line":773,"column":8},"end":{"line":773,"column":67}},"372":{"start":{"line":776,"column":21},"end":{"line":776,"column":45}},"373":{"start":{"line":777,"column":8},"end":{"line":790,"column":11}},"374":{"start":{"line":778,"column":10},"end":{"line":789,"column":11}},"375":{"start":{"line":779,"column":12},"end":{"line":788,"column":61}},"376":{"start":{"line":795,"column":27},"end":{"line":799,"column":10}},"377":{"start":{"line":796,"column":21},"end":{"line":796,"column":51}},"378":{"start":{"line":797,"column":17},"end":{"line":797,"column":47}},"379":{"start":{"line":798,"column":10},"end":{"line":798,"column":25}},"380":{"start":{"line":800,"column":27},"end":{"line":804,"column":23}},"381":{"start":{"line":805,"column":23},"end":{"line":805,"column":71}},"382":{"start":{"line":805,"column":43},"end":{"line":805,"column":70}},"383":{"start":{"line":806,"column":25},"end":{"line":806,"column":39}},"384":{"start":{"line":807,"column":27},"end":{"line":810,"column":28}},"385":{"start":{"line":812,"column":27},"end":{"line":876,"column":11}},"386":{"start":{"line":821,"column":49},"end":{"line":821,"column":52}},"387":{"start":{"line":829,"column":23},"end":{"line":829,"column":27}},"388":{"start":{"line":831,"column":16},"end":{"line":831,"column":62}},"389":{"start":{"line":831,"column":51},"end":{"line":831,"column":62}},"390":{"start":{"line":832,"column":16},"end":{"line":832,"column":54}},"391":{"start":{"line":832,"column":43},"end":{"line":832,"column":54}},"392":{"start":{"line":833,"column":16},"end":{"line":833,"column":62}},"393":{"start":{"line":833,"column":51},"end":{"line":833,"column":62}},"394":{"start":{"line":834,"column":16},"end":{"line":834,"column":47}},"395":{"start":{"line":834,"column":37},"end":{"line":834,"column":47}},"396":{"start":{"line":835,"column":16},"end":{"line":835,"column":27}},"397":{"start":{"line":844,"column":16},"end":{"line":844,"column":53}},"398":{"start":{"line":844,"column":43},"end":{"line":844,"column":53}},"399":{"start":{"line":845,"column":16},"end":{"line":845,"column":52}},"400":{"start":{"line":845,"column":42},"end":{"line":845,"column":52}},"401":{"start":{"line":846,"column":16},"end":{"line":850,"column":46}},"402":{"start":{"line":850,"column":18},"end":{"line":850,"column":46}},"403":{"start":{"line":851,"column":16},"end":{"line":851,"column":26}},"404":{"start":{"line":858,"column":14},"end":{"line":862,"column":15}},"405":{"start":{"line":859,"column":28},"end":{"line":859,"column":52}},"406":{"start":{"line":860,"column":22},"end":{"line":860,"column":72}},"407":{"start":{"line":861,"column":16},"end":{"line":861,"column":53}},"408":{"start":{"line":863,"column":14},"end":{"line":863,"column":31}},"409":{"start":{"line":869,"column":14},"end":{"line":873,"column":15}},"410":{"start":{"line":870,"column":28},"end":{"line":870,"column":52}},"411":{"start":{"line":871,"column":22},"end":{"line":871,"column":72}},"412":{"start":{"line":872,"column":16},"end":{"line":872,"column":54}},"413":{"start":{"line":874,"column":14},"end":{"line":874,"column":32}},"414":{"start":{"line":879,"column":26},"end":{"line":879,"column":70}},"415":{"start":{"line":880,"column":26},"end":{"line":880,"column":70}},"416":{"start":{"line":882,"column":22},"end":{"line":889,"column":36}},"417":{"start":{"line":887,"column":31},"end":{"line":887,"column":63}},"418":{"start":{"line":891,"column":22},"end":{"line":966,"column":11}},"419":{"start":{"line":896,"column":12},"end":{"line":896,"column":49}},"420":{"start":{"line":896,"column":39},"end":{"line":896,"column":49}},"421":{"start":{"line":897,"column":12},"end":{"line":897,"column":48}},"422":{"start":{"line":897,"column":38},"end":{"line":897,"column":48}},"423":{"start":{"line":898,"column":12},"end":{"line":902,"column":24}},"424":{"start":{"line":902,"column":14},"end":{"line":902,"column":24}},"425":{"start":{"line":903,"column":12},"end":{"line":903,"column":22}},"426":{"start":{"line":906,"column":12},"end":{"line":907,"column":45}},"427":{"start":{"line":907,"column":14},"end":{"line":907,"column":45}},"428":{"start":{"line":908,"column":12},"end":{"line":908,"column":53}},"429":{"start":{"line":908,"column":39},"end":{"line":908,"column":53}},"430":{"start":{"line":909,"column":12},"end":{"line":909,"column":57}},"431":{"start":{"line":909,"column":38},"end":{"line":909,"column":57}},"432":{"start":{"line":910,"column":12},"end":{"line":910,"column":61}},"433":{"start":{"line":910,"column":45},"end":{"line":910,"column":61}},"434":{"start":{"line":911,"column":12},"end":{"line":911,"column":64}},"435":{"start":{"line":911,"column":48},"end":{"line":911,"column":64}},"436":{"start":{"line":912,"column":12},"end":{"line":912,"column":31}},"437":{"start":{"line":915,"column":12},"end":{"line":915,"column":57}},"438":{"start":{"line":915,"column":38},"end":{"line":915,"column":57}},"439":{"start":{"line":916,"column":12},"end":{"line":916,"column":53}},"440":{"start":{"line":916,"column":39},"end":{"line":916,"column":53}},"441":{"start":{"line":917,"column":12},"end":{"line":917,"column":57}},"442":{"start":{"line":917,"column":38},"end":{"line":917,"column":57}},"443":{"start":{"line":918,"column":12},"end":{"line":918,"column":61}},"444":{"start":{"line":918,"column":45},"end":{"line":918,"column":61}},"445":{"start":{"line":919,"column":12},"end":{"line":919,"column":64}},"446":{"start":{"line":919,"column":48},"end":{"line":919,"column":64}},"447":{"start":{"line":920,"column":12},"end":{"line":920,"column":26}},"448":{"start":{"line":924,"column":12},"end":{"line":927,"column":76}},"449":{"start":{"line":927,"column":31},"end":{"line":927,"column":74}},"450":{"start":{"line":928,"column":23},"end":{"line":928,"column":71}},"451":{"start":{"line":929,"column":12},"end":{"line":932,"column":21}},"452":{"start":{"line":930,"column":14},"end":{"line":932,"column":21}},"453":{"start":{"line":933,"column":12},"end":{"line":937,"column":49}},"454":{"start":{"line":940,"column":12},"end":{"line":952,"column":17}},"455":{"start":{"line":944,"column":16},"end":{"line":944,"column":53}},"456":{"start":{"line":944,"column":43},"end":{"line":944,"column":53}},"457":{"start":{"line":945,"column":16},"end":{"line":945,"column":52}},"458":{"start":{"line":945,"column":42},"end":{"line":945,"column":52}},"459":{"start":{"line":946,"column":16},"end":{"line":950,"column":42}},"460":{"start":{"line":950,"column":18},"end":{"line":950,"column":42}},"461":{"start":{"line":951,"column":16},"end":{"line":951,"column":26}},"462":{"start":{"line":953,"column":12},"end":{"line":953,"column":40}},"463":{"start":{"line":955,"column":12},"end":{"line":957,"column":13}},"464":{"start":{"line":956,"column":14},"end":{"line":956,"column":52}},"465":{"start":{"line":969,"column":8},"end":{"line":1003,"column":11}},"466":{"start":{"line":970,"column":10},"end":{"line":974,"column":41}},"467":{"start":{"line":971,"column":29},"end":{"line":971,"column":39}},"468":{"start":{"line":972,"column":29},"end":{"line":972,"column":39}},"469":{"start":{"line":973,"column":29},"end":{"line":973,"column":39}},"470":{"start":{"line":974,"column":29},"end":{"line":974,"column":39}},"471":{"start":{"line":975,"column":10},"end":{"line":975,"column":60}},"472":{"start":{"line":975,"column":34},"end":{"line":975,"column":37}},"473":{"start":{"line":975,"column":55},"end":{"line":975,"column":58}},"474":{"start":{"line":979,"column":10},"end":{"line":1002,"column":13}},"475":{"start":{"line":980,"column":25},"end":{"line":980,"column":56}},"476":{"start":{"line":981,"column":12},"end":{"line":981,"column":37}},"477":{"start":{"line":981,"column":30},"end":{"line":981,"column":37}},"478":{"start":{"line":982,"column":23},"end":{"line":982,"column":31}},"479":{"start":{"line":983,"column":21},"end":{"line":983,"column":29}},"480":{"start":{"line":984,"column":21},"end":{"line":984,"column":30}},"481":{"start":{"line":985,"column":21},"end":{"line":985,"column":30}},"482":{"start":{"line":986,"column":12},"end":{"line":993,"column":15}},"483":{"start":{"line":987,"column":24},"end":{"line":987,"column":54}},"484":{"start":{"line":987,"column":40},"end":{"line":987,"column":53}},"485":{"start":{"line":988,"column":14},"end":{"line":988,"column":29}},"486":{"start":{"line":988,"column":22},"end":{"line":988,"column":29}},"487":{"start":{"line":989,"column":14},"end":{"line":989,"column":41}},"488":{"start":{"line":990,"column":14},"end":{"line":990,"column":41}},"489":{"start":{"line":991,"column":14},"end":{"line":991,"column":41}},"490":{"start":{"line":992,"column":14},"end":{"line":992,"column":41}},"491":{"start":{"line":994,"column":12},"end":{"line":994,"column":42}},"492":{"start":{"line":994,"column":35},"end":{"line":994,"column":42}},"493":{"start":{"line":995,"column":24},"end":{"line":995,"column":26}},"494":{"start":{"line":996,"column":12},"end":{"line":1000,"column":53}},"495":{"start":{"line":1001,"column":12},"end":{"line":1001,"column":59}},"496":{"start":{"line":1006,"column":10},"end":{"line":1006,"column":31}},"497":{"start":{"line":1007,"column":10},"end":{"line":1007,"column":31}},"498":{"start":{"line":1009,"column":10},"end":{"line":1009,"column":63}},"499":{"start":{"line":1010,"column":10},"end":{"line":1010,"column":19}},"500":{"start":{"line":1011,"column":10},"end":{"line":1011,"column":26}},"501":{"start":{"line":1013,"column":10},"end":{"line":1013,"column":41}},"502":{"start":{"line":1014,"column":10},"end":{"line":1014,"column":55}},"503":{"start":{"line":1017,"column":10},"end":{"line":1017,"column":105}},"504":{"start":{"line":1017,"column":72},"end":{"line":1017,"column":103}},"505":{"start":{"line":1018,"column":10},"end":{"line":1018,"column":34}},"506":{"start":{"line":1019,"column":10},"end":{"line":1023,"column":69}},"507":{"start":{"line":1023,"column":34},"end":{"line":1023,"column":66}},"508":{"start":{"line":1026,"column":10},"end":{"line":1026,"column":80}},"509":{"start":{"line":1026,"column":74},"end":{"line":1026,"column":78}},"510":{"start":{"line":1027,"column":10},"end":{"line":1027,"column":34}},"511":{"start":{"line":1028,"column":28},"end":{"line":1028,"column":60}},"512":{"start":{"line":1031,"column":10},"end":{"line":1110,"column":14}},"513":{"start":{"line":1033,"column":14},"end":{"line":1033,"column":51}},"514":{"start":{"line":1033,"column":41},"end":{"line":1033,"column":51}},"515":{"start":{"line":1034,"column":14},"end":{"line":1034,"column":50}},"516":{"start":{"line":1034,"column":40},"end":{"line":1034,"column":50}},"517":{"start":{"line":1035,"column":14},"end":{"line":1036,"column":40}},"518":{"start":{"line":1036,"column":16},"end":{"line":1036,"column":40}},"519":{"start":{"line":1037,"column":14},"end":{"line":1037,"column":24}},"520":{"start":{"line":1040,"column":14},"end":{"line":1041,"column":47}},"521":{"start":{"line":1041,"column":16},"end":{"line":1041,"column":47}},"522":{"start":{"line":1042,"column":14},"end":{"line":1042,"column":55}},"523":{"start":{"line":1042,"column":41},"end":{"line":1042,"column":55}},"524":{"start":{"line":1043,"column":14},"end":{"line":1043,"column":59}},"525":{"start":{"line":1043,"column":40},"end":{"line":1043,"column":59}},"526":{"start":{"line":1044,"column":14},"end":{"line":1044,"column":63}},"527":{"start":{"line":1044,"column":47},"end":{"line":1044,"column":63}},"528":{"start":{"line":1045,"column":14},"end":{"line":1045,"column":66}},"529":{"start":{"line":1045,"column":50},"end":{"line":1045,"column":66}},"530":{"start":{"line":1046,"column":14},"end":{"line":1046,"column":33}},"531":{"start":{"line":1049,"column":14},"end":{"line":1049,"column":87}},"532":{"start":{"line":1053,"column":14},"end":{"line":1053,"column":59}},"533":{"start":{"line":1053,"column":40},"end":{"line":1053,"column":59}},"534":{"start":{"line":1054,"column":14},"end":{"line":1054,"column":55}},"535":{"start":{"line":1054,"column":41},"end":{"line":1054,"column":55}},"536":{"start":{"line":1055,"column":14},"end":{"line":1055,"column":59}},"537":{"start":{"line":1055,"column":40},"end":{"line":1055,"column":59}},"538":{"start":{"line":1056,"column":14},"end":{"line":1056,"column":63}},"539":{"start":{"line":1056,"column":47},"end":{"line":1056,"column":63}},"540":{"start":{"line":1057,"column":14},"end":{"line":1057,"column":66}},"541":{"start":{"line":1057,"column":50},"end":{"line":1057,"column":66}},"542":{"start":{"line":1058,"column":14},"end":{"line":1058,"column":28}},"543":{"start":{"line":1062,"column":14},"end":{"line":1063,"column":72}},"544":{"start":{"line":1064,"column":25},"end":{"line":1064,"column":73}},"545":{"start":{"line":1065,"column":14},"end":{"line":1067,"column":15}},"546":{"start":{"line":1066,"column":16},"end":{"line":1066,"column":108}},"547":{"start":{"line":1068,"column":14},"end":{"line":1072,"column":51}},"548":{"start":{"line":1075,"column":14},"end":{"line":1082,"column":19}},"549":{"start":{"line":1077,"column":18},"end":{"line":1077,"column":55}},"550":{"start":{"line":1077,"column":45},"end":{"line":1077,"column":55}},"551":{"start":{"line":1078,"column":18},"end":{"line":1078,"column":54}},"552":{"start":{"line":1078,"column":44},"end":{"line":1078,"column":54}},"553":{"start":{"line":1079,"column":18},"end":{"line":1080,"column":44}},"554":{"start":{"line":1080,"column":20},"end":{"line":1080,"column":44}},"555":{"start":{"line":1081,"column":18},"end":{"line":1081,"column":28}},"556":{"start":{"line":1083,"column":14},"end":{"line":1083,"column":42}},"557":{"start":{"line":1086,"column":14},"end":{"line":1104,"column":15}},"558":{"start":{"line":1088,"column":61},"end":{"line":1088,"column":105}},"559":{"start":{"line":1089,"column":16},"end":{"line":1089,"column":33}},"560":{"start":{"line":1090,"column":16},"end":{"line":1090,"column":33}},"561":{"start":{"line":1092,"column":16},"end":{"line":1092,"column":42}},"562":{"start":{"line":1093,"column":16},"end":{"line":1099,"column":21}},"563":{"start":{"line":1094,"column":31},"end":{"line":1094,"column":51}},"564":{"start":{"line":1096,"column":31},"end":{"line":1096,"column":45}},"565":{"start":{"line":1097,"column":20},"end":{"line":1097,"column":74}},"566":{"start":{"line":1097,"column":48},"end":{"line":1097,"column":74}},"567":{"start":{"line":1098,"column":20},"end":{"line":1098,"column":52}},"568":{"start":{"line":1103,"column":16},"end":{"line":1103,"column":48}},"569":{"start":{"line":1113,"column":10},"end":{"line":1113,"column":40}},"570":{"start":{"line":1118,"column":8},"end":{"line":1118,"column":73}},"571":{"start":{"line":1119,"column":8},"end":{"line":1119,"column":34}},"572":{"start":{"line":1127,"column":10},"end":{"line":1127,"column":63}},"573":{"start":{"line":1127,"column":25},"end":{"line":1127,"column":63}},"574":{"start":{"line":1128,"column":10},"end":{"line":1128,"column":21}},"575":{"start":{"line":1129,"column":10},"end":{"line":1129,"column":21}},"576":{"start":{"line":1132,"column":10},"end":{"line":1132,"column":21}},"577":{"start":{"line":1133,"column":10},"end":{"line":1133,"column":21}},"578":{"start":{"line":1136,"column":10},"end":{"line":1136,"column":51}},"579":{"start":{"line":1136,"column":25},"end":{"line":1136,"column":51}},"580":{"start":{"line":1137,"column":10},"end":{"line":1137,"column":22}},"581":{"start":{"line":1138,"column":10},"end":{"line":1138,"column":22}},"582":{"start":{"line":1144,"column":30},"end":{"line":1144,"column":33}},"583":{"start":{"line":1145,"column":27},"end":{"line":1145,"column":30}},"584":{"start":{"line":1146,"column":27},"end":{"line":1146,"column":71}},"585":{"start":{"line":1149,"column":8},"end":{"line":1149,"column":55}},"586":{"start":{"line":1152,"column":28},"end":{"line":1156,"column":41}},"587":{"start":{"line":1159,"column":29},"end":{"line":1159,"column":55}},"588":{"start":{"line":1160,"column":25},"end":{"line":1165,"column":29}},"589":{"start":{"line":1167,"column":8},"end":{"line":1169,"column":41}},"590":{"start":{"line":1170,"column":8},"end":{"line":1172,"column":41}},"591":{"start":{"line":1174,"column":8},"end":{"line":1177,"column":50}},"592":{"start":{"line":1180,"column":20},"end":{"line":1180,"column":42}},"593":{"start":{"line":1181,"column":10},"end":{"line":1181,"column":31}},"594":{"start":{"line":1184,"column":29},"end":{"line":1190,"column":34}},"595":{"start":{"line":1185,"column":33},"end":{"line":1185,"column":48}},"596":{"start":{"line":1186,"column":36},"end":{"line":1189,"column":11}},"597":{"start":{"line":1190,"column":23},"end":{"line":1190,"column":33}},"598":{"start":{"line":1192,"column":32},"end":{"line":1197,"column":13}},"599":{"start":{"line":1193,"column":33},"end":{"line":1193,"column":48}},"600":{"start":{"line":1194,"column":36},"end":{"line":1197,"column":11}},"601":{"start":{"line":1199,"column":36},"end":{"line":1199,"column":77}},"602":{"start":{"line":1199,"column":64},"end":{"line":1199,"column":76}},"603":{"start":{"line":1200,"column":25},"end":{"line":1200,"column":49}},"604":{"start":{"line":1203,"column":8},"end":{"line":1213,"column":35}},"605":{"start":{"line":1215,"column":8},"end":{"line":1225,"column":27}},"606":{"start":{"line":1228,"column":24},"end":{"line":1228,"column":60}},"607":{"start":{"line":1228,"column":53},"end":{"line":1228,"column":59}},"608":{"start":{"line":1229,"column":23},"end":{"line":1232,"column":77}},"609":{"start":{"line":1234,"column":22},"end":{"line":1237,"column":53}},"610":{"start":{"line":1237,"column":28},"end":{"line":1237,"column":51}},"611":{"start":{"line":1239,"column":8},"end":{"line":1246,"column":46}},"612":{"start":{"line":1243,"column":21},"end":{"line":1243,"column":49}},"613":{"start":{"line":1244,"column":21},"end":{"line":1246,"column":44}},"614":{"start":{"line":1249,"column":8},"end":{"line":1281,"column":13}},"615":{"start":{"line":1254,"column":27},"end":{"line":1254,"column":41}},"616":{"start":{"line":1261,"column":12},"end":{"line":1264,"column":29}},"617":{"start":{"line":1265,"column":12},"end":{"line":1265,"column":67}},"618":{"start":{"line":1266,"column":12},"end":{"line":1269,"column":49}},"619":{"start":{"line":1272,"column":12},"end":{"line":1275,"column":28}},"620":{"start":{"line":1276,"column":12},"end":{"line":1276,"column":67}},"621":{"start":{"line":1279,"column":12},"end":{"line":1279,"column":67}},"622":{"start":{"line":1280,"column":12},"end":{"line":1280,"column":60}},"623":{"start":{"line":1283,"column":8},"end":{"line":1293,"column":30}},"624":{"start":{"line":1288,"column":26},"end":{"line":1288,"column":40}},"625":{"start":{"line":1293,"column":21},"end":{"line":1293,"column":28}},"626":{"start":{"line":1296,"column":36},"end":{"line":1296,"column":38}},"627":{"start":{"line":1297,"column":8},"end":{"line":1302,"column":9}},"628":{"start":{"line":1298,"column":23},"end":{"line":1298,"column":40}},"629":{"start":{"line":1299,"column":10},"end":{"line":1301,"column":13}},"630":{"start":{"line":1300,"column":12},"end":{"line":1300,"column":79}},"631":{"start":{"line":1304,"column":8},"end":{"line":1346,"column":13}},"632":{"start":{"line":1309,"column":27},"end":{"line":1309,"column":61}},"633":{"start":{"line":1310,"column":27},"end":{"line":1310,"column":80}},"634":{"start":{"line":1316,"column":12},"end":{"line":1319,"column":28}},"635":{"start":{"line":1320,"column":12},"end":{"line":1320,"column":67}},"636":{"start":{"line":1321,"column":12},"end":{"line":1324,"column":49}},"637":{"start":{"line":1327,"column":12},"end":{"line":1330,"column":28}},"638":{"start":{"line":1331,"column":12},"end":{"line":1331,"column":67}},"639":{"start":{"line":1334,"column":12},"end":{"line":1341,"column":39}},"640":{"start":{"line":1336,"column":10},"end":{"line":1336,"column":56}},"641":{"start":{"line":1336,"column":37},"end":{"line":1336,"column":56}},"642":{"start":{"line":1337,"column":10},"end":{"line":1337,"column":52}},"643":{"start":{"line":1337,"column":38},"end":{"line":1337,"column":52}},"644":{"start":{"line":1338,"column":10},"end":{"line":1338,"column":56}},"645":{"start":{"line":1338,"column":37},"end":{"line":1338,"column":56}},"646":{"start":{"line":1339,"column":10},"end":{"line":1339,"column":24}},"647":{"start":{"line":1342,"column":12},"end":{"line":1345,"column":39}},"648":{"start":{"line":1343,"column":28},"end":{"line":1343,"column":50}},"649":{"start":{"line":1348,"column":8},"end":{"line":1358,"column":35}},"650":{"start":{"line":1350,"column":48},"end":{"line":1350,"column":60}},"651":{"start":{"line":1353,"column":27},"end":{"line":1353,"column":55}},"652":{"start":{"line":1354,"column":27},"end":{"line":1354,"column":80}},"653":{"start":{"line":1363,"column":24},"end":{"line":1363,"column":26}},"654":{"start":{"line":1364,"column":8},"end":{"line":1377,"column":11}},"655":{"start":{"line":1365,"column":22},"end":{"line":1365,"column":48}},"656":{"start":{"line":1366,"column":18},"end":{"line":1366,"column":45}},"657":{"start":{"line":1367,"column":10},"end":{"line":1376,"column":11}},"658":{"start":{"line":1368,"column":12},"end":{"line":1375,"column":15}},"659":{"start":{"line":1379,"column":20},"end":{"line":1379,"column":58}},"660":{"start":{"line":1380,"column":8},"end":{"line":1382,"column":22}},"661":{"start":{"line":1384,"column":28},"end":{"line":1384,"column":53}},"662":{"start":{"line":1387,"column":10},"end":{"line":1387,"column":36}},"663":{"start":{"line":1388,"column":10},"end":{"line":1397,"column":13}},"664":{"start":{"line":1389,"column":26},"end":{"line":1395,"column":13}},"665":{"start":{"line":1396,"column":12},"end":{"line":1396,"column":73}},"666":{"start":{"line":1398,"column":10},"end":{"line":1401,"column":11}},"667":{"start":{"line":1399,"column":27},"end":{"line":1399,"column":58}},"668":{"start":{"line":1399,"column":43},"end":{"line":1399,"column":57}},"669":{"start":{"line":1400,"column":12},"end":{"line":1400,"column":57}},"670":{"start":{"line":1404,"column":8},"end":{"line":1404,"column":36}},"671":{"start":{"line":1406,"column":8},"end":{"line":1413,"column":11}},"672":{"start":{"line":1407,"column":22},"end":{"line":1407,"column":66}},"673":{"start":{"line":1409,"column":12},"end":{"line":1411,"column":59}},"674":{"start":{"line":1411,"column":38},"end":{"line":1411,"column":58}},"675":{"start":{"line":1412,"column":10},"end":{"line":1412,"column":43}},"676":{"start":{"line":1422,"column":4},"end":{"line":1426,"column":6}},"677":{"start":{"line":1429,"column":4},"end":{"line":1434,"column":5}},"678":{"start":{"line":1430,"column":16},"end":{"line":1432,"column":35}},"679":{"start":{"line":1431,"column":18},"end":{"line":1431,"column":23}},"680":{"start":{"line":1432,"column":21},"end":{"line":1432,"column":34}},"681":{"start":{"line":1433,"column":6},"end":{"line":1433,"column":29}},"682":{"start":{"line":1433,"column":20},"end":{"line":1433,"column":29}},"683":{"start":{"line":1435,"column":4},"end":{"line":1435,"column":66}},"684":{"start":{"line":1438,"column":4},"end":{"line":1441,"column":6}},"685":{"start":{"line":1444,"column":4},"end":{"line":1448,"column":6}},"686":{"start":{"line":1451,"column":14},"end":{"line":1451,"column":48}},"687":{"start":{"line":1454,"column":4},"end":{"line":1457,"column":5}},"688":{"start":{"line":1455,"column":6},"end":{"line":1455,"column":49}},"689":{"start":{"line":1456,"column":6},"end":{"line":1456,"column":13}},"690":{"start":{"line":1460,"column":4},"end":{"line":1460,"column":21}},"691":{"start":{"line":1463,"column":4},"end":{"line":1487,"column":7}},"692":{"start":{"line":1464,"column":6},"end":{"line":1464,"column":27}},"693":{"start":{"line":1464,"column":20},"end":{"line":1464,"column":27}},"694":{"start":{"line":1467,"column":16},"end":{"line":1467,"column":45}},"695":{"start":{"line":1468,"column":6},"end":{"line":1469,"column":165}},"696":{"start":{"line":1472,"column":18},"end":{"line":1472,"column":47}},"697":{"start":{"line":1473,"column":6},"end":{"line":1473,"column":24}},"698":{"start":{"line":1474,"column":6},"end":{"line":1474,"column":24}},"699":{"start":{"line":1475,"column":6},"end":{"line":1475,"column":53}},"700":{"start":{"line":1478,"column":18},"end":{"line":1478,"column":47}},"701":{"start":{"line":1479,"column":6},"end":{"line":1479,"column":32}},"702":{"start":{"line":1480,"column":6},"end":{"line":1480,"column":77}},"703":{"start":{"line":1483,"column":6},"end":{"line":1483,"column":25}},"704":{"start":{"line":1486,"column":6},"end":{"line":1486,"column":23}},"705":{"start":{"line":1491,"column":2},"end":{"line":1493,"column":6}},"706":{"start":{"line":1491,"column":31},"end":{"line":1493,"column":3}},"707":{"start":{"line":1496,"column":19},"end":{"line":1499,"column":3}},"708":{"start":{"line":1502,"column":2},"end":{"line":1517,"column":5}},"709":{"start":{"line":1503,"column":20},"end":{"line":1503,"column":49}},"710":{"start":{"line":1504,"column":4},"end":{"line":1504,"column":27}},"711":{"start":{"line":1505,"column":4},"end":{"line":1505,"column":39}},"712":{"start":{"line":1508,"column":4},"end":{"line":1508,"column":28}},"713":{"start":{"line":1511,"column":19},"end":{"line":1511,"column":50}},"714":{"start":{"line":1512,"column":4},"end":{"line":1512,"column":48}},"715":{"start":{"line":1513,"column":4},"end":{"line":1513,"column":65}},"716":{"start":{"line":1514,"column":4},"end":{"line":1514,"column":65}},"717":{"start":{"line":1515,"column":4},"end":{"line":1515,"column":53}},"718":{"start":{"line":1516,"column":4},"end":{"line":1516,"column":53}},"719":{"start":{"line":1520,"column":2},"end":{"line":1532,"column":5}},"720":{"start":{"line":1522,"column":20},"end":{"line":1522,"column":54}},"721":{"start":{"line":1523,"column":4},"end":{"line":1525,"column":5}},"722":{"start":{"line":1524,"column":6},"end":{"line":1524,"column":23}},"723":{"start":{"line":1528,"column":4},"end":{"line":1528,"column":28}},"724":{"start":{"line":1531,"column":4},"end":{"line":1531,"column":76}},"725":{"start":{"line":1535,"column":18},"end":{"line":1535,"column":47}},"726":{"start":{"line":1536,"column":14},"end":{"line":1536,"column":39}},"727":{"start":{"line":1537,"column":4},"end":{"line":1537,"column":27}},"728":{"start":{"line":1541,"column":2},"end":{"line":1541,"column":34}}},"fnMap":{"0":{"name":"updateGallery","decl":{"start":{"line":2,"column":16},"end":{"line":2,"column":29}},"loc":{"start":{"line":2,"column":35},"end":{"line":40,"column":1}},"line":2},"1":{"name":"(anonymous_1)","decl":{"start":{"line":15,"column":14},"end":{"line":15,"column":15}},"loc":{"start":{"line":15,"column":19},"end":{"line":39,"column":3}},"line":15},"2":{"name":"(anonymous_2)","decl":{"start":{"line":42,"column":46},"end":{"line":42,"column":47}},"loc":{"start":{"line":42,"column":52},"end":{"line":1542,"column":1}},"line":42},"3":{"name":"(anonymous_3)","decl":{"start":{"line":53,"column":10},"end":{"line":53,"column":11}},"loc":{"start":{"line":53,"column":15},"end":{"line":53,"column":23}},"line":53},"4":{"name":"(anonymous_4)","decl":{"start":{"line":54,"column":10},"end":{"line":54,"column":11}},"loc":{"start":{"line":54,"column":18},"end":{"line":77,"column":5}},"line":54},"5":{"name":"(anonymous_5)","decl":{"start":{"line":55,"column":38},"end":{"line":55,"column":39}},"loc":{"start":{"line":55,"column":43},"end":{"line":55,"column":59}},"line":55},"6":{"name":"(anonymous_6)","decl":{"start":{"line":63,"column":27},"end":{"line":63,"column":28}},"loc":{"start":{"line":63,"column":32},"end":{"line":68,"column":7}},"line":63},"7":{"name":"(anonymous_7)","decl":{"start":{"line":71,"column":37},"end":{"line":71,"column":38}},"loc":{"start":{"line":71,"column":43},"end":{"line":73,"column":7}},"line":71},"8":{"name":"updateColorFacetsFor","decl":{"start":{"line":84,"column":11},"end":{"line":84,"column":31}},"loc":{"start":{"line":84,"column":40},"end":{"line":138,"column":3}},"line":84},"9":{"name":"(anonymous_9)","decl":{"start":{"line":101,"column":12},"end":{"line":101,"column":13}},"loc":{"start":{"line":101,"column":17},"end":{"line":101,"column":25}},"line":101},"10":{"name":"(anonymous_10)","decl":{"start":{"line":102,"column":12},"end":{"line":102,"column":13}},"loc":{"start":{"line":102,"column":20},"end":{"line":136,"column":7}},"line":102},"11":{"name":"(anonymous_11)","decl":{"start":{"line":103,"column":40},"end":{"line":103,"column":41}},"loc":{"start":{"line":103,"column":45},"end":{"line":103,"column":71}},"line":103},"12":{"name":"(anonymous_12)","decl":{"start":{"line":107,"column":39},"end":{"line":107,"column":40}},"loc":{"start":{"line":107,"column":44},"end":{"line":107,"column":51}},"line":107},"13":{"name":"(anonymous_13)","decl":{"start":{"line":115,"column":23},"end":{"line":115,"column":24}},"loc":{"start":{"line":115,"column":32},"end":{"line":133,"column":9}},"line":115},"14":{"name":"sortColors","decl":{"start":{"line":141,"column":11},"end":{"line":141,"column":21}},"loc":{"start":{"line":141,"column":30},"end":{"line":154,"column":3}},"line":141},"15":{"name":"(anonymous_15)","decl":{"start":{"line":142,"column":19},"end":{"line":142,"column":20}},"loc":{"start":{"line":142,"column":26},"end":{"line":145,"column":5}},"line":142},"16":{"name":"(anonymous_16)","decl":{"start":{"line":146,"column":31},"end":{"line":146,"column":32}},"loc":{"start":{"line":146,"column":41},"end":{"line":153,"column":5}},"line":146},"17":{"name":"sortColors","decl":{"start":{"line":159,"column":11},"end":{"line":159,"column":21}},"loc":{"start":{"line":159,"column":30},"end":{"line":174,"column":3}},"line":159},"18":{"name":"(anonymous_18)","decl":{"start":{"line":160,"column":19},"end":{"line":160,"column":20}},"loc":{"start":{"line":160,"column":26},"end":{"line":163,"column":5}},"line":160},"19":{"name":"(anonymous_19)","decl":{"start":{"line":164,"column":31},"end":{"line":164,"column":32}},"loc":{"start":{"line":164,"column":41},"end":{"line":173,"column":5}},"line":164},"20":{"name":"(anonymous_20)","decl":{"start":{"line":183,"column":57},"end":{"line":183,"column":58}},"loc":{"start":{"line":183,"column":63},"end":{"line":191,"column":3}},"line":183},"21":{"name":"(anonymous_21)","decl":{"start":{"line":193,"column":56},"end":{"line":193,"column":57}},"loc":{"start":{"line":193,"column":62},"end":{"line":220,"column":3}},"line":193},"22":{"name":"(anonymous_22)","decl":{"start":{"line":195,"column":11},"end":{"line":195,"column":12}},"loc":{"start":{"line":195,"column":17},"end":{"line":195,"column":25}},"line":195},"23":{"name":"(anonymous_23)","decl":{"start":{"line":208,"column":11},"end":{"line":208,"column":12}},"loc":{"start":{"line":208,"column":16},"end":{"line":208,"column":56}},"line":208},"24":{"name":"expandClusterBatched","decl":{"start":{"line":233,"column":11},"end":{"line":233,"column":31}},"loc":{"start":{"line":233,"column":94},"end":{"line":282,"column":3}},"line":233},"25":{"name":"loadNext","decl":{"start":{"line":237,"column":13},"end":{"line":237,"column":21}},"loc":{"start":{"line":237,"column":24},"end":{"line":278,"column":5}},"line":237},"26":{"name":"(anonymous_26)","decl":{"start":{"line":239,"column":37},"end":{"line":239,"column":38}},"loc":{"start":{"line":239,"column":42},"end":{"line":239,"column":65}},"line":239},"27":{"name":"(anonymous_27)","decl":{"start":{"line":241,"column":8},"end":{"line":241,"column":9}},"loc":{"start":{"line":241,"column":13},"end":{"line":241,"column":71}},"line":241},"28":{"name":"(anonymous_28)","decl":{"start":{"line":246,"column":20},"end":{"line":246,"column":21}},"loc":{"start":{"line":246,"column":27},"end":{"line":251,"column":7}},"line":246},"29":{"name":"(anonymous_29)","decl":{"start":{"line":249,"column":18},"end":{"line":249,"column":19}},"loc":{"start":{"line":249,"column":23},"end":{"line":249,"column":67}},"line":249},"30":{"name":"(anonymous_30)","decl":{"start":{"line":250,"column":19},"end":{"line":250,"column":20}},"loc":{"start":{"line":250,"column":24},"end":{"line":250,"column":47}},"line":250},"31":{"name":"(anonymous_31)","decl":{"start":{"line":257,"column":18},"end":{"line":257,"column":19}},"loc":{"start":{"line":257,"column":23},"end":{"line":257,"column":50}},"line":257},"32":{"name":"(anonymous_32)","decl":{"start":{"line":258,"column":19},"end":{"line":258,"column":20}},"loc":{"start":{"line":258,"column":24},"end":{"line":258,"column":47}},"line":258},"33":{"name":"(anonymous_33)","decl":{"start":{"line":267,"column":16},"end":{"line":267,"column":17}},"loc":{"start":{"line":267,"column":21},"end":{"line":267,"column":41}},"line":267},"34":{"name":"(anonymous_34)","decl":{"start":{"line":268,"column":17},"end":{"line":268,"column":18}},"loc":{"start":{"line":268,"column":24},"end":{"line":270,"column":9}},"line":268},"35":{"name":"fetchAndRenderArtworks","decl":{"start":{"line":286,"column":11},"end":{"line":286,"column":33}},"loc":{"start":{"line":286,"column":42},"end":{"line":1416,"column":3}},"line":286},"36":{"name":"(anonymous_36)","decl":{"start":{"line":291,"column":12},"end":{"line":291,"column":13}},"loc":{"start":{"line":291,"column":17},"end":{"line":291,"column":25}},"line":291},"37":{"name":"(anonymous_37)","decl":{"start":{"line":292,"column":12},"end":{"line":292,"column":13}},"loc":{"start":{"line":292,"column":20},"end":{"line":1414,"column":7}},"line":292},"38":{"name":"(anonymous_38)","decl":{"start":{"line":312,"column":24},"end":{"line":312,"column":25}},"loc":{"start":{"line":312,"column":29},"end":{"line":312,"column":69}},"line":312},"39":{"name":"drawTimeBoxes","decl":{"start":{"line":317,"column":17},"end":{"line":317,"column":30}},"loc":{"start":{"line":317,"column":33},"end":{"line":338,"column":9}},"line":317},"40":{"name":"(anonymous_40)","decl":{"start":{"line":325,"column":32},"end":{"line":325,"column":33}},"loc":{"start":{"line":325,"column":50},"end":{"line":337,"column":11}},"line":325},"41":{"name":"(anonymous_41)","decl":{"start":{"line":356,"column":20},"end":{"line":356,"column":21}},"loc":{"start":{"line":356,"column":25},"end":{"line":356,"column":47}},"line":356},"42":{"name":"(anonymous_42)","decl":{"start":{"line":357,"column":17},"end":{"line":357,"column":18}},"loc":{"start":{"line":357,"column":23},"end":{"line":357,"column":71}},"line":357},"43":{"name":"(anonymous_43)","decl":{"start":{"line":382,"column":22},"end":{"line":382,"column":23}},"loc":{"start":{"line":382,"column":30},"end":{"line":443,"column":9}},"line":382},"44":{"name":"(anonymous_44)","decl":{"start":{"line":401,"column":41},"end":{"line":401,"column":42}},"loc":{"start":{"line":401,"column":48},"end":{"line":416,"column":11}},"line":401},"45":{"name":"(anonymous_45)","decl":{"start":{"line":419,"column":49},"end":{"line":419,"column":50}},"loc":{"start":{"line":419,"column":54},"end":{"line":419,"column":76}},"line":419},"46":{"name":"(anonymous_46)","decl":{"start":{"line":427,"column":20},"end":{"line":427,"column":21}},"loc":{"start":{"line":428,"column":22},"end":{"line":430,"column":59}},"line":428},"47":{"name":"(anonymous_47)","decl":{"start":{"line":446,"column":43},"end":{"line":446,"column":44}},"loc":{"start":{"line":446,"column":48},"end":{"line":453,"column":9}},"line":446},"48":{"name":"(anonymous_48)","decl":{"start":{"line":469,"column":51},"end":{"line":469,"column":52}},"loc":{"start":{"line":469,"column":61},"end":{"line":474,"column":11}},"line":469},"49":{"name":"(anonymous_49)","decl":{"start":{"line":486,"column":74},"end":{"line":486,"column":75}},"loc":{"start":{"line":486,"column":80},"end":{"line":602,"column":9}},"line":486},"50":{"name":"(anonymous_50)","decl":{"start":{"line":501,"column":27},"end":{"line":501,"column":28}},"loc":{"start":{"line":501,"column":32},"end":{"line":506,"column":11}},"line":501},"51":{"name":"(anonymous_51)","decl":{"start":{"line":509,"column":22},"end":{"line":509,"column":23}},"loc":{"start":{"line":509,"column":27},"end":{"line":509,"column":58}},"line":509},"52":{"name":"(anonymous_52)","decl":{"start":{"line":510,"column":19},"end":{"line":510,"column":20}},"loc":{"start":{"line":510,"column":25},"end":{"line":510,"column":59}},"line":510},"53":{"name":"(anonymous_53)","decl":{"start":{"line":515,"column":27},"end":{"line":515,"column":28}},"loc":{"start":{"line":515,"column":32},"end":{"line":525,"column":11}},"line":515},"54":{"name":"(anonymous_54)","decl":{"start":{"line":521,"column":49},"end":{"line":521,"column":50}},"loc":{"start":{"line":521,"column":54},"end":{"line":521,"column":66}},"line":521},"55":{"name":"(anonymous_55)","decl":{"start":{"line":528,"column":27},"end":{"line":528,"column":28}},"loc":{"start":{"line":528,"column":32},"end":{"line":534,"column":11}},"line":528},"56":{"name":"(anonymous_56)","decl":{"start":{"line":540,"column":20},"end":{"line":540,"column":21}},"loc":{"start":{"line":540,"column":25},"end":{"line":540,"column":56}},"line":540},"57":{"name":"(anonymous_57)","decl":{"start":{"line":541,"column":21},"end":{"line":541,"column":22}},"loc":{"start":{"line":541,"column":26},"end":{"line":551,"column":13}},"line":541},"58":{"name":"(anonymous_58)","decl":{"start":{"line":558,"column":20},"end":{"line":558,"column":21}},"loc":{"start":{"line":558,"column":25},"end":{"line":558,"column":45}},"line":558},"59":{"name":"(anonymous_59)","decl":{"start":{"line":559,"column":21},"end":{"line":559,"column":22}},"loc":{"start":{"line":559,"column":28},"end":{"line":562,"column":13}},"line":559},"60":{"name":"(anonymous_60)","decl":{"start":{"line":566,"column":67},"end":{"line":566,"column":68}},"loc":{"start":{"line":566,"column":77},"end":{"line":570,"column":11}},"line":566},"61":{"name":"(anonymous_61)","decl":{"start":{"line":574,"column":40},"end":{"line":574,"column":41}},"loc":{"start":{"line":574,"column":45},"end":{"line":574,"column":72}},"line":574},"62":{"name":"performHybridClustering","decl":{"start":{"line":610,"column":17},"end":{"line":610,"column":40}},"loc":{"start":{"line":610,"column":55},"end":{"line":613,"column":9}},"line":610},"63":{"name":"performCreatorClustering","decl":{"start":{"line":615,"column":17},"end":{"line":615,"column":41}},"loc":{"start":{"line":615,"column":56},"end":{"line":648,"column":9}},"line":615},"64":{"name":"(anonymous_64)","decl":{"start":{"line":620,"column":21},"end":{"line":620,"column":22}},"loc":{"start":{"line":620,"column":26},"end":{"line":626,"column":11}},"line":620},"65":{"name":"(anonymous_65)","decl":{"start":{"line":623,"column":34},"end":{"line":623,"column":35}},"loc":{"start":{"line":623,"column":39},"end":{"line":623,"column":80}},"line":623},"66":{"name":"(anonymous_66)","decl":{"start":{"line":629,"column":39},"end":{"line":629,"column":40}},"loc":{"start":{"line":629,"column":56},"end":{"line":646,"column":11}},"line":629},"67":{"name":"(anonymous_67)","decl":{"start":{"line":639,"column":29},"end":{"line":639,"column":30}},"loc":{"start":{"line":639,"column":34},"end":{"line":639,"column":64}},"line":639},"68":{"name":"(anonymous_68)","decl":{"start":{"line":639,"column":45},"end":{"line":639,"column":46}},"loc":{"start":{"line":639,"column":50},"end":{"line":639,"column":63}},"line":639},"69":{"name":"(anonymous_69)","decl":{"start":{"line":641,"column":16},"end":{"line":641,"column":17}},"loc":{"start":{"line":641,"column":21},"end":{"line":641,"column":82}},"line":641},"70":{"name":"(anonymous_70)","decl":{"start":{"line":641,"column":58},"end":{"line":641,"column":59}},"loc":{"start":{"line":641,"column":63},"end":{"line":641,"column":80}},"line":641},"71":{"name":"performTimeClustering","decl":{"start":{"line":657,"column":17},"end":{"line":657,"column":38}},"loc":{"start":{"line":657,"column":53},"end":{"line":684,"column":9}},"line":657},"72":{"name":"(anonymous_72)","decl":{"start":{"line":670,"column":29},"end":{"line":670,"column":30}},"loc":{"start":{"line":670,"column":34},"end":{"line":670,"column":64}},"line":670},"73":{"name":"(anonymous_73)","decl":{"start":{"line":670,"column":45},"end":{"line":670,"column":46}},"loc":{"start":{"line":670,"column":50},"end":{"line":670,"column":63}},"line":670},"74":{"name":"(anonymous_74)","decl":{"start":{"line":672,"column":16},"end":{"line":672,"column":17}},"loc":{"start":{"line":672,"column":21},"end":{"line":672,"column":82}},"line":672},"75":{"name":"(anonymous_75)","decl":{"start":{"line":672,"column":58},"end":{"line":672,"column":59}},"loc":{"start":{"line":672,"column":63},"end":{"line":672,"column":80}},"line":672},"76":{"name":"performCreatorClustering","decl":{"start":{"line":686,"column":17},"end":{"line":686,"column":41}},"loc":{"start":{"line":686,"column":56},"end":{"line":716,"column":9}},"line":686},"77":{"name":"(anonymous_77)","decl":{"start":{"line":690,"column":21},"end":{"line":690,"column":22}},"loc":{"start":{"line":690,"column":26},"end":{"line":696,"column":11}},"line":690},"78":{"name":"(anonymous_78)","decl":{"start":{"line":693,"column":34},"end":{"line":693,"column":35}},"loc":{"start":{"line":693,"column":39},"end":{"line":693,"column":80}},"line":693},"79":{"name":"(anonymous_79)","decl":{"start":{"line":697,"column":39},"end":{"line":697,"column":40}},"loc":{"start":{"line":697,"column":56},"end":{"line":714,"column":11}},"line":697},"80":{"name":"(anonymous_80)","decl":{"start":{"line":707,"column":29},"end":{"line":707,"column":30}},"loc":{"start":{"line":707,"column":34},"end":{"line":707,"column":64}},"line":707},"81":{"name":"(anonymous_81)","decl":{"start":{"line":707,"column":45},"end":{"line":707,"column":46}},"loc":{"start":{"line":707,"column":50},"end":{"line":707,"column":63}},"line":707},"82":{"name":"(anonymous_82)","decl":{"start":{"line":709,"column":16},"end":{"line":709,"column":17}},"loc":{"start":{"line":709,"column":21},"end":{"line":709,"column":82}},"line":709},"83":{"name":"(anonymous_83)","decl":{"start":{"line":709,"column":58},"end":{"line":709,"column":59}},"loc":{"start":{"line":709,"column":63},"end":{"line":709,"column":80}},"line":709},"84":{"name":"performHybridClustering","decl":{"start":{"line":718,"column":17},"end":{"line":718,"column":40}},"loc":{"start":{"line":718,"column":55},"end":{"line":721,"column":9}},"line":718},"85":{"name":"expandCluster","decl":{"start":{"line":723,"column":17},"end":{"line":723,"column":30}},"loc":{"start":{"line":723,"column":64},"end":{"line":770,"column":9}},"line":723},"86":{"name":"(anonymous_86)","decl":{"start":{"line":724,"column":35},"end":{"line":724,"column":36}},"loc":{"start":{"line":724,"column":40},"end":{"line":724,"column":63}},"line":724},"87":{"name":"(anonymous_87)","decl":{"start":{"line":725,"column":33},"end":{"line":725,"column":34}},"loc":{"start":{"line":725,"column":38},"end":{"line":725,"column":65}},"line":725},"88":{"name":"(anonymous_88)","decl":{"start":{"line":727,"column":45},"end":{"line":727,"column":46}},"loc":{"start":{"line":727,"column":52},"end":{"line":755,"column":11}},"line":727},"89":{"name":"(anonymous_89)","decl":{"start":{"line":752,"column":24},"end":{"line":752,"column":25}},"loc":{"start":{"line":752,"column":29},"end":{"line":752,"column":73}},"line":752},"90":{"name":"(anonymous_90)","decl":{"start":{"line":753,"column":25},"end":{"line":753,"column":26}},"loc":{"start":{"line":753,"column":30},"end":{"line":753,"column":47}},"line":753},"91":{"name":"(anonymous_91)","decl":{"start":{"line":760,"column":45},"end":{"line":760,"column":46}},"loc":{"start":{"line":760,"column":62},"end":{"line":766,"column":11}},"line":760},"92":{"name":"(anonymous_92)","decl":{"start":{"line":762,"column":30},"end":{"line":762,"column":31}},"loc":{"start":{"line":762,"column":35},"end":{"line":762,"column":50}},"line":762},"93":{"name":"(anonymous_93)","decl":{"start":{"line":777,"column":22},"end":{"line":777,"column":23}},"loc":{"start":{"line":777,"column":27},"end":{"line":790,"column":9}},"line":777},"94":{"name":"(anonymous_94)","decl":{"start":{"line":795,"column":65},"end":{"line":795,"column":66}},"loc":{"start":{"line":795,"column":75},"end":{"line":799,"column":9}},"line":795},"95":{"name":"(anonymous_95)","decl":{"start":{"line":805,"column":38},"end":{"line":805,"column":39}},"loc":{"start":{"line":805,"column":43},"end":{"line":805,"column":70}},"line":805},"96":{"name":"(anonymous_96)","decl":{"start":{"line":821,"column":20},"end":{"line":821,"column":21}},"loc":{"start":{"line":821,"column":49},"end":{"line":821,"column":52}},"line":821},"97":{"name":"(anonymous_97)","decl":{"start":{"line":829,"column":18},"end":{"line":829,"column":19}},"loc":{"start":{"line":829,"column":23},"end":{"line":829,"column":27}},"line":829},"98":{"name":"(anonymous_98)","decl":{"start":{"line":830,"column":24},"end":{"line":830,"column":25}},"loc":{"start":{"line":830,"column":29},"end":{"line":836,"column":15}},"line":830},"99":{"name":"(anonymous_99)","decl":{"start":{"line":843,"column":22},"end":{"line":843,"column":23}},"loc":{"start":{"line":843,"column":27},"end":{"line":852,"column":15}},"line":843},"100":{"name":"(anonymous_100)","decl":{"start":{"line":857,"column":22},"end":{"line":857,"column":23}},"loc":{"start":{"line":857,"column":27},"end":{"line":864,"column":13}},"line":857},"101":{"name":"(anonymous_101)","decl":{"start":{"line":868,"column":22},"end":{"line":868,"column":23}},"loc":{"start":{"line":868,"column":27},"end":{"line":875,"column":13}},"line":868},"102":{"name":"(anonymous_102)","decl":{"start":{"line":887,"column":26},"end":{"line":887,"column":27}},"loc":{"start":{"line":887,"column":31},"end":{"line":887,"column":63}},"line":887},"103":{"name":"(anonymous_103)","decl":{"start":{"line":895,"column":21},"end":{"line":895,"column":22}},"loc":{"start":{"line":895,"column":26},"end":{"line":904,"column":11}},"line":895},"104":{"name":"(anonymous_104)","decl":{"start":{"line":905,"column":24},"end":{"line":905,"column":25}},"loc":{"start":{"line":905,"column":29},"end":{"line":913,"column":11}},"line":905},"105":{"name":"(anonymous_105)","decl":{"start":{"line":914,"column":26},"end":{"line":914,"column":27}},"loc":{"start":{"line":914,"column":31},"end":{"line":921,"column":11}},"line":914},"106":{"name":"(anonymous_106)","decl":{"start":{"line":923,"column":27},"end":{"line":923,"column":28}},"loc":{"start":{"line":923,"column":37},"end":{"line":938,"column":11}},"line":923},"107":{"name":"(anonymous_107)","decl":{"start":{"line":927,"column":25},"end":{"line":927,"column":26}},"loc":{"start":{"line":927,"column":31},"end":{"line":927,"column":74}},"line":927},"108":{"name":"(anonymous_108)","decl":{"start":{"line":939,"column":26},"end":{"line":939,"column":27}},"loc":{"start":{"line":939,"column":36},"end":{"line":954,"column":11}},"line":939},"109":{"name":"(anonymous_109)","decl":{"start":{"line":943,"column":25},"end":{"line":943,"column":26}},"loc":{"start":{"line":943,"column":30},"end":{"line":952,"column":15}},"line":943},"110":{"name":"(anonymous_110)","decl":{"start":{"line":954,"column":31},"end":{"line":954,"column":32}},"loc":{"start":{"line":954,"column":41},"end":{"line":958,"column":11}},"line":954},"111":{"name":"(anonymous_111)","decl":{"start":{"line":969,"column":30},"end":{"line":969,"column":31}},"loc":{"start":{"line":969,"column":36},"end":{"line":1003,"column":9}},"line":969},"112":{"name":"(anonymous_112)","decl":{"start":{"line":971,"column":24},"end":{"line":971,"column":25}},"loc":{"start":{"line":971,"column":29},"end":{"line":971,"column":39}},"line":971},"113":{"name":"(anonymous_113)","decl":{"start":{"line":972,"column":24},"end":{"line":972,"column":25}},"loc":{"start":{"line":972,"column":29},"end":{"line":972,"column":39}},"line":972},"114":{"name":"(anonymous_114)","decl":{"start":{"line":973,"column":24},"end":{"line":973,"column":25}},"loc":{"start":{"line":973,"column":29},"end":{"line":973,"column":39}},"line":973},"115":{"name":"(anonymous_115)","decl":{"start":{"line":974,"column":24},"end":{"line":974,"column":25}},"loc":{"start":{"line":974,"column":29},"end":{"line":974,"column":39}},"line":974},"116":{"name":"(anonymous_116)","decl":{"start":{"line":975,"column":29},"end":{"line":975,"column":30}},"loc":{"start":{"line":975,"column":34},"end":{"line":975,"column":37}},"line":975},"117":{"name":"(anonymous_117)","decl":{"start":{"line":975,"column":50},"end":{"line":975,"column":51}},"loc":{"start":{"line":975,"column":55},"end":{"line":975,"column":58}},"line":975},"118":{"name":"(anonymous_118)","decl":{"start":{"line":979,"column":22},"end":{"line":979,"column":23}},"loc":{"start":{"line":979,"column":51},"end":{"line":1002,"column":11}},"line":979},"119":{"name":"(anonymous_119)","decl":{"start":{"line":986,"column":25},"end":{"line":986,"column":26}},"loc":{"start":{"line":986,"column":30},"end":{"line":993,"column":13}},"line":986},"120":{"name":"(anonymous_120)","decl":{"start":{"line":987,"column":35},"end":{"line":987,"column":36}},"loc":{"start":{"line":987,"column":40},"end":{"line":987,"column":53}},"line":987},"121":{"name":"updateGraph","decl":{"start":{"line":1005,"column":17},"end":{"line":1005,"column":28}},"loc":{"start":{"line":1005,"column":57},"end":{"line":1114,"column":9}},"line":1005},"122":{"name":"(anonymous_122)","decl":{"start":{"line":1017,"column":67},"end":{"line":1017,"column":68}},"loc":{"start":{"line":1017,"column":72},"end":{"line":1017,"column":103}},"line":1017},"123":{"name":"(anonymous_123)","decl":{"start":{"line":1023,"column":28},"end":{"line":1023,"column":29}},"loc":{"start":{"line":1023,"column":34},"end":{"line":1023,"column":66}},"line":1023},"124":{"name":"(anonymous_124)","decl":{"start":{"line":1026,"column":69},"end":{"line":1026,"column":70}},"loc":{"start":{"line":1026,"column":74},"end":{"line":1026,"column":78}},"line":1026},"125":{"name":"(anonymous_125)","decl":{"start":{"line":1032,"column":23},"end":{"line":1032,"column":24}},"loc":{"start":{"line":1032,"column":28},"end":{"line":1038,"column":13}},"line":1032},"126":{"name":"(anonymous_126)","decl":{"start":{"line":1039,"column":26},"end":{"line":1039,"column":27}},"loc":{"start":{"line":1039,"column":31},"end":{"line":1047,"column":13}},"line":1039},"127":{"name":"(anonymous_127)","decl":{"start":{"line":1048,"column":34},"end":{"line":1048,"column":35}},"loc":{"start":{"line":1049,"column":14},"end":{"line":1049,"column":87}},"line":1049},"128":{"name":"(anonymous_128)","decl":{"start":{"line":1052,"column":28},"end":{"line":1052,"column":29}},"loc":{"start":{"line":1052,"column":33},"end":{"line":1059,"column":13}},"line":1052},"129":{"name":"(anonymous_129)","decl":{"start":{"line":1061,"column":29},"end":{"line":1061,"column":30}},"loc":{"start":{"line":1061,"column":39},"end":{"line":1073,"column":13}},"line":1061},"130":{"name":"(anonymous_130)","decl":{"start":{"line":1074,"column":28},"end":{"line":1074,"column":29}},"loc":{"start":{"line":1074,"column":38},"end":{"line":1084,"column":13}},"line":1074},"131":{"name":"(anonymous_131)","decl":{"start":{"line":1076,"column":27},"end":{"line":1076,"column":28}},"loc":{"start":{"line":1076,"column":32},"end":{"line":1082,"column":17}},"line":1076},"132":{"name":"(anonymous_132)","decl":{"start":{"line":1085,"column":25},"end":{"line":1085,"column":26}},"loc":{"start":{"line":1085,"column":35},"end":{"line":1105,"column":13}},"line":1085},"133":{"name":"(anonymous_133)","decl":{"start":{"line":1094,"column":26},"end":{"line":1094,"column":27}},"loc":{"start":{"line":1094,"column":31},"end":{"line":1094,"column":51}},"line":1094},"134":{"name":"(anonymous_134)","decl":{"start":{"line":1095,"column":27},"end":{"line":1095,"column":28}},"loc":{"start":{"line":1095,"column":34},"end":{"line":1099,"column":19}},"line":1095},"135":{"name":"dragStarted","decl":{"start":{"line":1126,"column":17},"end":{"line":1126,"column":28}},"loc":{"start":{"line":1126,"column":35},"end":{"line":1130,"column":9}},"line":1126},"136":{"name":"dragged","decl":{"start":{"line":1131,"column":17},"end":{"line":1131,"column":24}},"loc":{"start":{"line":1131,"column":31},"end":{"line":1134,"column":9}},"line":1131},"137":{"name":"dragEnded","decl":{"start":{"line":1135,"column":17},"end":{"line":1135,"column":26}},"loc":{"start":{"line":1135,"column":33},"end":{"line":1139,"column":9}},"line":1135},"138":{"name":"parseYear","decl":{"start":{"line":1179,"column":17},"end":{"line":1179,"column":26}},"loc":{"start":{"line":1179,"column":34},"end":{"line":1182,"column":9}},"line":1179},"139":{"name":"(anonymous_139)","decl":{"start":{"line":1185,"column":18},"end":{"line":1185,"column":19}},"loc":{"start":{"line":1185,"column":33},"end":{"line":1185,"column":48}},"line":1185},"140":{"name":"(anonymous_140)","decl":{"start":{"line":1186,"column":15},"end":{"line":1186,"column":16}},"loc":{"start":{"line":1186,"column":36},"end":{"line":1189,"column":11}},"line":1186},"141":{"name":"(anonymous_141)","decl":{"start":{"line":1190,"column":18},"end":{"line":1190,"column":19}},"loc":{"start":{"line":1190,"column":23},"end":{"line":1190,"column":33}},"line":1190},"142":{"name":"(anonymous_142)","decl":{"start":{"line":1193,"column":18},"end":{"line":1193,"column":19}},"loc":{"start":{"line":1193,"column":33},"end":{"line":1193,"column":48}},"line":1193},"143":{"name":"(anonymous_143)","decl":{"start":{"line":1194,"column":15},"end":{"line":1194,"column":16}},"loc":{"start":{"line":1194,"column":36},"end":{"line":1197,"column":11}},"line":1194},"144":{"name":"(anonymous_144)","decl":{"start":{"line":1199,"column":59},"end":{"line":1199,"column":60}},"loc":{"start":{"line":1199,"column":64},"end":{"line":1199,"column":76}},"line":1199},"145":{"name":"(anonymous_145)","decl"
[...]
"start":{"line":1040,"column":18},"end":{"line":1040,"column":38}},{"start":{"line":1040,"column":42},"end":{"line":1040,"column":49}}],"line":1040},"115":{"loc":{"start":{"line":1042,"column":14},"end":{"line":1042,"column":55}},"type":"if","locations":[{"start":{"line":1042,"column":14},"end":{"line":1042,"column":55}},{"start":{},"end":{}}],"line":1042},"116":{"loc":{"start":{"line":1043,"column":14},"end":{"line":1043,"column":59}},"type":"if","locations":[{"start":{"line":1043,"column":14},"end":{"line":1043,"column":59}},{"start":{},"end":{}}],"line":1043},"117":{"loc":{"start":{"line":1044,"column":14},"end":{"line":1044,"column":63}},"type":"if","locations":[{"start":{"line":1044,"column":14},"end":{"line":1044,"column":63}},{"start":{},"end":{}}],"line":1044},"118":{"loc":{"start":{"line":1045,"column":14},"end":{"line":1045,"column":66}},"type":"if","locations":[{"start":{"line":1045,"column":14},"end":{"line":1045,"column":66}},{"start":{},"end":{}}],"line":1045},"119":{"loc":{"start":{"line":1049,"column":14},"end":{"line":1049,"column":87}},"type":"cond-expr","locations":[{"start":{"line":1049,"column":80},"end":{"line":1049,"column":83}},{"start":{"line":1049,"column":86},"end":{"line":1049,"column":87}}],"line":1049},"120":{"loc":{"start":{"line":1049,"column":15},"end":{"line":1049,"column":76}},"type":"binary-expr","locations":[{"start":{"line":1049,"column":15},"end":{"line":1049,"column":45}},{"start":{"line":1049,"column":49},"end":{"line":1049,"column":76}}],"line":1049},"121":{"loc":{"start":{"line":1053,"column":14},"end":{"line":1053,"column":59}},"type":"if","locations":[{"start":{"line":1053,"column":14},"end":{"line":1053,"column":59}},{"start":{},"end":{}}],"line":1053},"122":{"loc":{"start":{"line":1054,"column":14},"end":{"line":1054,"column":55}},"type":"if","locations":[{"start":{"line":1054,"column":14},"end":{"line":1054,"column":55}},{"start":{},"end":{}}],"line":1054},"123":{"loc":{"start":{"line":1055,"column":14},"end":{"line":1055,"column":59}},"type":"if","locations":[{"start":{"line":1055,"column":14},"end":{"line":1055,"column":59}},{"start":{},"end":{}}],"line":1055},"124":{"loc":{"start":{"line":1056,"column":14},"end":{"line":1056,"column":63}},"type":"if","locations":[{"start":{"line":1056,"column":14},"end":{"line":1056,"column":63}},{"start":{},"end":{}}],"line":1056},"125":{"loc":{"start":{"line":1057,"column":14},"end":{"line":1057,"column":66}},"type":"if","locations":[{"start":{"line":1057,"column":14},"end":{"line":1057,"column":66}},{"start":{},"end":{}}],"line":1057},"126":{"loc":{"start":{"line":1065,"column":14},"end":{"line":1067,"column":15}},"type":"if","locations":[{"start":{"line":1065,"column":14},"end":{"line":1067,"column":15}},{"start":{},"end":{}}],"line":1065},"127":{"loc":{"start":{"line":1065,"column":18},"end":{"line":1065,"column":49}},"type":"binary-expr","locations":[{"start":{"line":1065,"column":18},"end":{"line":1065,"column":38}},{"start":{"line":1065,"column":42},"end":{"line":1065,"column":49}}],"line":1065},"128":{"loc":{"start":{"line":1077,"column":18},"end":{"line":1077,"column":55}},"type":"if","locations":[{"start":{"line":1077,"column":18},"end":{"line":1077,"column":55}},{"start":{},"end":{}}],"line":1077},"129":{"loc":{"start":{"line":1078,"column":18},"end":{"line":1078,"column":54}},"type":"if","locations":[{"start":{"line":1078,"column":18},"end":{"line":1078,"column":54}},{"start":{},"end":{}}],"line":1078},"130":{"loc":{"start":{"line":1079,"column":18},"end":{"line":1080,"column":44}},"type":"if","locations":[{"start":{"line":1079,"column":18},"end":{"line":1080,"column":44}},{"start":{},"end":{}}],"line":1079},"131":{"loc":{"start":{"line":1079,"column":22},"end":{"line":1079,"column":83}},"type":"binary-expr","locations":[{"start":{"line":1079,"column":22},"end":{"line":1079,"column":52}},{"start":{"line":1079,"column":56},"end":{"line":1079,"column":83}}],"line":1079},"132":{"loc":{"start":{"line":1086,"column":14},"end":{"line":1104,"column":15}},"type":"if","locations":[{"start":{"line":1086,"column":14},"end":{"line":1104,"column":15}},{"start":{},"end":{}}],"line":1086},"133":{"loc":{"start":{"line":1086,"column":18},"end":{"line":1086,"column":79}},"type":"binary-expr","locations":[{"start":{"line":1086,"column":18},"end":{"line":1086,"column":48}},{"start":{"line":1086,"column":52},"end":{"line":1086,"column":79}}],"line":1086},"134":{"loc":{"start":{"line":1097,"column":20},"end":{"line":1097,"column":74}},"type":"if","locations":[{"start":{"line":1097,"column":20},"end":{"line":1097,"column":74}},{"start":{},"end":{}}],"line":1097},"135":{"loc":{"start":{"line":1127,"column":10},"end":{"line":1127,"column":63}},"type":"if","locations":[{"start":{"line":1127,"column":10},"end":{"line":1127,"column":63}},{"start":{},"end":{}}],"line":1127},"136":{"loc":{"start":{"line":1136,"column":10},"end":{"line":1136,"column":51}},"type":"if","locations":[{"start":{"line":1136,"column":10},"end":{"line":1136,"column":51}},{"start":{},"end":{}}],"line":1136},"137":{"loc":{"start":{"line":1181,"column":17},"end":{"line":1181,"column":30}},"type":"cond-expr","locations":[{"start":{"line":1181,"column":21},"end":{"line":1181,"column":26}},{"start":{"line":1181,"column":29},"end":{"line":1181,"column":30}}],"line":1181},"138":{"loc":{"start":{"line":1231,"column":19},"end":{"line":1231,"column":34}},"type":"binary-expr","locations":[{"start":{"line":1231,"column":19},"end":{"line":1231,"column":29}},{"start":{"line":1231,"column":33},"end":{"line":1231,"column":34}}],"line":1231},"139":{"loc":{"start":{"line":1231,"column":36},"end":{"line":1231,"column":53}},"type":"binary-expr","locations":[{"start":{"line":1231,"column":36},"end":{"line":1231,"column":46}},{"start":{"line":1231,"column":50},"end":{"line":1231,"column":53}}],"line":1231},"140":{"loc":{"start":{"line":1237,"column":28},"end":{"line":1237,"column":51}},"type":"cond-expr","locations":[{"start":{"line":1237,"column":38},"end":{"line":1237,"column":47}},{"start":{"line":1237,"column":50},"end":{"line":1237,"column":51}}],"line":1237},"141":{"loc":{"start":{"line":1267,"column":60},"end":{"line":1267,"column":79}},"type":"binary-expr","locations":[{"start":{"line":1267,"column":60},"end":{"line":1267,"column":66}},{"start":{"line":1267,"column":70},"end":{"line":1267,"column":79}}],"line":1267},"142":{"loc":{"start":{"line":1336,"column":10},"end":{"line":1336,"column":56}},"type":"if","locations":[{"start":{"line":1336,"column":10},"end":{"line":1336,"column":56}},{"start":{},"end":{}}],"line":1336},"143":{"loc":{"start":{"line":1337,"column":10},"end":{"line":1337,"column":52}},"type":"if","locations":[{"start":{"line":1337,"column":10},"end":{"line":1337,"column":52}},{"start":{},"end":{}}],"line":1337},"144":{"loc":{"start":{"line":1338,"column":10},"end":{"line":1338,"column":56}},"type":"if","locations":[{"start":{"line":1338,"column":10},"end":{"line":1338,"column":56}},{"start":{},"end":{}}],"line":1338},"145":{"loc":{"start":{"line":1367,"column":10},"end":{"line":1376,"column":11}},"type":"if","locations":[{"start":{"line":1367,"column":10},"end":{"line":1376,"column":11}},{"start":{},"end":{}}],"line":1367},"146":{"loc":{"start":{"line":1367,"column":14},"end":{"line":1367,"column":24}},"type":"binary-expr","locations":[{"start":{"line":1367,"column":14},"end":{"line":1367,"column":17}},{"start":{"line":1367,"column":21},"end":{"line":1367,"column":24}}],"line":1367},"147":{"loc":{"start":{"line":1391,"column":18},"end":{"line":1391,"column":94}},"type":"cond-expr","locations":[{"start":{"line":1391,"column":28},"end":{"line":1391,"column":89}},{"start":{"line":1391,"column":92},"end":{"line":1391,"column":94}}],"line":1391},"148":{"loc":{"start":{"line":1398,"column":10},"end":{"line":1401,"column":11}},"type":"if","locations":[{"start":{"line":1398,"column":10},"end":{"line":1401,"column":11}},{"start":{},"end":{}}],"line":1398},"149":{"loc":{"start":{"line":1409,"column":12},"end":{"line":1411,"column":59}},"type":"cond-expr","locations":[{"start":{"line":1410,"column":16},"end":{"line":1410,"column":25}},{"start":{"line":1411,"column":16},"end":{"line":1411,"column":59}}],"line":1409},"150":{"loc":{"start":{"line":1423,"column":6},"end":{"line":1425,"column":16}},"type":"binary-expr","locations":[{"start":{"line":1423,"column":6},"end":{"line":1423,"column":18}},{"start":{"line":1424,"column":6},"end":{"line":1424,"column":34}},{"start":{"line":1425,"column":6},"end":{"line":1425,"column":16}}],"line":1423},"151":{"loc":{"start":{"line":1429,"column":4},"end":{"line":1434,"column":5}},"type":"if","locations":[{"start":{"line":1429,"column":4},"end":{"line":1434,"column":5}},{"start":{},"end":{}}],"line":1429},"152":{"loc":{"start":{"line":1432,"column":21},"end":{"line":1432,"column":34}},"type":"binary-expr","locations":[{"start":{"line":1432,"column":21},"end":{"line":1432,"column":22}},{"start":{"line":1432,"column":26},"end":{"line":1432,"column":34}}],"line":1432},"153":{"loc":{"start":{"line":1433,"column":6},"end":{"line":1433,"column":29}},"type":"if","locations":[{"start":{"line":1433,"column":6},"end":{"line":1433,"column":29}},{"start":{},"end":{}}],"line":1433},"154":{"loc":{"start":{"line":1435,"column":11},"end":{"line":1435,"column":65}},"type":"cond-expr","locations":[{"start":{"line":1435,"column":33},"end":{"line":1435,"column":44}},{"start":{"line":1435,"column":47},"end":{"line":1435,"column":65}}],"line":1435},"155":{"loc":{"start":{"line":1439,"column":6},"end":{"line":1440,"column":22}},"type":"binary-expr","locations":[{"start":{"line":1439,"column":6},"end":{"line":1439,"column":33}},{"start":{"line":1440,"column":6},"end":{"line":1440,"column":22}}],"line":1439},"156":{"loc":{"start":{"line":1445,"column":6},"end":{"line":1447,"column":15}},"type":"binary-expr","locations":[{"start":{"line":1445,"column":6},"end":{"line":1445,"column":32}},{"start":{"line":1446,"column":6},"end":{"line":1446,"column":33}},{"start":{"line":1447,"column":6},"end":{"line":1447,"column":15}}],"line":1445},"157":{"loc":{"start":{"line":1454,"column":4},"end":{"line":1457,"column":5}},"type":"if","locations":[{"start":{"line":1454,"column":4},"end":{"line":1457,"column":5}},{"start":{},"end":{}}],"line":1454},"158":{"loc":{"start":{"line":1464,"column":6},"end":{"line":1464,"column":27}},"type":"if","locations":[{"start":{"line":1464,"column":6},"end":{"line":1464,"column":27}},{"start":{},"end":{}}],"line":1464},"159":{"loc":{"start":{"line":1523,"column":4},"end":{"line":1525,"column":5}},"type":"if","locations":[{"start":{"line":1523,"column":4},"end":{"line":1525,"column":5}},{"start":{},"end":{}}],"line":1523},"160":{"loc":{"start":{"line":1535,"column":18},"end":{"line":1535,"column":47}},"type":"binary-expr","locations":[{"start":{"line":1535,"column":18},"end":{"line":1535,"column":42}},{"start":{"line":1535,"column":46},"end":{"line":1535,"column":47}}],"line":1535}},"s":{"0":2,"1":2,"2":1,"3":1,"4":1,"5":1,"6":2,"7":0,"8":2,"9":2,"10":2,"11":2,"12":2,"13":2,"14":2,"15":2,"16":2,"17":2,"18":2,"19":1,"20":0,"21":0,"22":0,"23":0,"24":0,"25":0,"26":0,"27":0,"28":0,"29":0,"30":0,"31":0,"32":0,"33":0,"34":0,"35":0,"36":0,"37":0,"38":0,"39":0,"40":0,"41":0,"42":0,"43":0,"44":0,"45":0,"46":0,"47":0,"48":0,"49":0,"50":0,"51":0,"52":0,"53":0,"54":0,"55":0,"56":0,"57":0,"58":0,"59":0,"60":0,"61":0,"62":0,"63":0,"64":0,"65":0,"66":0,"67":0,"68":0,"69":0,"70":0,"71":0,"72":0,"73":0,"74":0,"75":0,"76":0,"77":0,"78":0,"79":0,"80":0,"81":0,"82":0,"83":0,"84":0,"85":0,"86":0,"87":0,"88":0,"89":0,"90":0,"91":0,"92":0,"93":0,"94":0,"95":0,"96":0,"97":0,"98":0,"99":0,"100":0,"101":0,"102":0,"103":0,"104":0,"105":0,"106":0,"107":0,"108":0,"109":0,"110":0,"111":0,"112":0,"113":0,"114":0,"115":0,"116":0,"117":0,"118":0,"119":0,"120":0,"121":0,"122":0,"123":0,"124":0,"125":0,"126":0,"127":0,"128":0,"129":0,"130":0,"131":0,"132":0,"133":0,"134":0,"135":0,"136":0,"137":0,"138":0,"139":0,"140":0,"141":0,"142":0,"143":0,"144":0,"145":0,"146":0,"147":0,"148":0,"149":0,"150":0,"151":0,"152":0,"153":0,"154":0,"155":0,"156":0,"157":0,"158":0,"159":0,"160":0,"161":0,"162":0,"163":0,"164":0,"165":0,"166":0,"167":0,"168":0,"169":0,"170":0,"171":0,"172":0,"173":0,"174":0,"175":0,"176":0,"177":0,"178":0,"179":0,"180":0,"181":0,"182":0,"183":0,"184":0,"185":0,"186":0,"187":0,"188":0,"189":0,"190":0,"191":0,"192":0,"193":0,"194":0,"195":0,"196":0,"197":0,"198":0,"199":0,"200":0,"201":0,"202":0,"203":0,"204":0,"205":0,"206":0,"207":0,"208":0,"209":0,"210":0,"211":0,"212":0,"213":0,"214":0,"215":0,"216":0,"217":0,"218":0,"219":0,"220":0,"221":0,"222":0,"223":0,"224":0,"225":0,"226":0,"227":0,"228":0,"229":0,"230":0,"231":0,"232":0,"233":0,"234":0,"235":0,"236":0,"237":0,"238":0,"239":0,"240":0,"241":0,"242":0,"243":0,"244":0,"245":0,"246":0,"247":0,"248":0,"249":0,"250":0,"251":0,"252":0,"253":0,"254":0,"255":0,"256":0,"257":0,"258":0,"259":0,"260":0,"261":0,"262":0,"263":0,"264":0,"265":0,"266":0,"267":0,"268":0,"269":0,"270":0,"271":0,"272":0,"273":0,"274":0,"275":0,"276":0,"277":0,"278":0,"279":0,"280":0,"281":0,"282":0,"283":0,"284":0,"285":0,"286":0,"287":0,"288":0,"289":0,"290":0,"291":0,"292":0,"293":0,"294":0,"295":0,"296":0,"297":0,"298":0,"299":0,"300":0,"301":0,"302":0,"303":0,"304":0,"305":0,"306":0,"307":0,"308":0,"309":0,"310":0,"311":0,"312":0,"313":0,"314":0,"315":0,"316":0,"317":0,"318":0,"319":0,"320":0,"321":0,"322":0,"323":0,"324":0,"325":0,"326":0,"327":0,"328":0,"329":0,"330":0,"331":0,"332":0,"333":0,"334":0,"335":0,"336":0,"337":0,"338":0,"339":0,"340":0,"341":0,"342":0,"343":0,"344":0,"345":0,"346":0,"347":0,"348":0,"349":0,"350":0,"351":0,"352":0,"353":0,"354":0,"355":0,"356":0,"357":0,"358":0,"359":0,"360":0,"361":0,"362":0,"363":0,"364":0,"365":0,"366":0,"367":0,"368":0,"369":0,"370":0,"371":0,"372":0,"373":0,"374":0,"375":0,"376":0,"377":0,"378":0,"379":0,"380":0,"381":0,"382":0,"383":0,"384":0,"385":0,"386":0,"387":0,"388":0,"389":0,"390":0,"391":0,"392":0,"393":0,"394":0,"395":0,"396":0,"397":0,"398":0,"399":0,"400":0,"401":0,"402":0,"403":0,"404":0,"405":0,"406":0,"407":0,"408":0,"409":0,"410":0,"411":0,"412":0,"413":0,"414":0,"415":0,"416":0,"417":0,"418":0,"419":0,"420":0,"421":0,"422":0,"423":0,"424":0,"425":0,"426":0,"427":0,"428":0,"429":0,"430":0,"431":0,"432":0,"433":0,"434":0,"435":0,"436":0,"437":0,"438":0,"439":0,"440":0,"441":0,"442":0,"443":0,"444":0,"445":0,"446":0,"447":0,"448":0,"449":0,"450":0,"451":0,"452":0,"453":0,"454":0,"455":0,"456":0,"457":0,"458":0,"459":0,"460":0,"461":0,"462":0,"463":0,"464":0,"465":0,"466":0,"467":0,"468":0,"469":0,"470":0,"471":0,"472":0,"473":0,"474":0,"475":0,"476":0,"477":0,"478":0,"479":0,"480":0,"481":0,"482":0,"483":0,"484":0,"485":0,"486":0,"487":0,"488":0,"489":0,"490":0,"491":0,"492":0,"493":0,"494":0,"495":0,"496":0,"497":0,"498":0,"499":0,"500":0,"501":0,"502":0,"503":0,"504":0,"505":0,"506":0,"507":0,"508":0,"509":0,"510":0,"511":0,"512":0,"513":0,"514":0,"515":0,"516":0,"517":0,"518":0,"519":0,"520":0,"521":0,"522":0,"523":0,"524":0,"525":0,"526":0,"527":0,"528":0,"529":0,"530":0,"531":0,"532":0,"533":0,"534":0,"535":0,"536":0,"537":0,"538":0,"539":0,"540":0,"541":0,"542":0,"543":0,"544":0,"545":0,"546":0,"547":0,"548":0,"549":0,"550":0,"551":0,"552":0,"553":0,"554":0,"555":0,"556":0,"557":0,"558":0,"559":0,"560":0,"561":0,"562":0,"563":0,"564":0,"565":0,"566":0,"567":0,"568":0,"569":0,"570":0,"571":0,"572":0,"573":0,"574":0,"575":0,"576":0,"577":0,"578":0,"579":0,"580":0,"581":0,"582":0,"583":0,"584":0,"585":0,"586":0,"587":0,"588":0,"589":0,"590":0,"591":0,"592":0,"593":0,"594":0,"595":0,"596":0,"597":0,"598":0,"599":0,"600":0,"601":0,"602":0,"603":0,"604":0,"605":0,"606":0,"607":0,"608":0,"609":0,"610":0,"611":0,"612":0,"613":0,"614":0,"615":0,"616":0,"617":0,"618":0,"619":0,"620":0,"621":0,"622":0,"623":0,"624":0,"625":0,"626":0,"627":0,"628":0,"629":0,"630":0,"631":0,"632":0,"633":0,"634":0,"635":0,"636":0,"637":0,"638":0,"639":0,"640":0,"641":0,"642":0,"643":0,"644":0,"645":0,"646":0,"647":0,"648":0,"649":0,"650":0,"651":0,"652":0,"653":0,"654":0,"655":0,"656":0,"657":0,"658":0,"659":0,"660":0,"661":0,"662":0,"663":0,"664":0,"665":0,"666":0,"667":0,"668":0,"669":0,"670":0,"671":0,"672":0,"673":0,"674":0,"675":0,"676":0,"677":0,"678":0,"679":0,"680":0,"681":0,"682":0,"683":0,"684":0,"685":0,"686":0,"687":0,"688":0,"689":0,"690":0,"691":0,"692":0,"693":0,"694":0,"695":0,"696":0,"697":0,"698":0,"699":0,"700":0,"701":0,"702":0,"703":0,"704":0,"705":0,"706":0,"707":0,"708":0,"709":0,"710":0,"711":0,"712":0,"713":0,"714":0,"715":0,"716":0,"717":0,"718":0,"719":0,"720":0,"721":0,"722":0,"723":0,"724":0,"725":0,"726":0,"727":0,"728":0},"f":{"0":2,"1":2,"2":0,"3":0,"4":0,"5":0,"6":0,"7":0,"8":0,"9":0,"10":0,"11":0,"12":0,"13":0,"14":0,"15":0,"16":0,"17":0,"18":0,"19":0,"20":0,"21":0,"22":0,"23":0,"24":0,"25":0,"26":0,"27":0,"28":0,"29":0,"30":0,"31":0,"32":0,"33":0,"34":0,"35":0,"36":0,"37":0,"38":0,"39":0,"40":0,"41":0,"42":0,"43":0,"44":0,"45":0,"46":0,"47":0,"48":0,"49":0,"50":0,"51":0,"52":0,"53":0,"54":0,"55":0,"56":0,"57":0,"58":0,"59":0,"60":0,"61":0,"62":0,"63":0,"64":0,"65":0,"66":0,"67":0,"68":0,"69":0,"70":0,"71":0,"72":0,"73":0,"74":0,"75":0,"76":0,"77":0,"78":0,"79":0,"80":0,"81":0,"82":0,"83":0,"84":0,"85":0,"86":0,"87":0,"88":0,"89":0,"90":0,"91":0,"92":0,"93":0,"94":0,"95":0,"96":0,"97":0,"98":0,"99":0,"100":0,"101":0,"102":0,"103":0,"104":0,"105":0,"106":0,"107":0,"108":0,"109":0,"110":0,"111":0,"112":0,"113":0,"114":0,"115":0,"116":0,"117":0,"118":0,"119":0,"120":0,"121":0,"122":0,"123":0,"124":0,"125":0,"126":0,"127":0,"128":0,"129":0,"130":0,"131":0,"132":0,"133":0,"134":0,"135":0,"136":0,"137":0,"138":0,"139":0,"140":0,"141":0,"142":0,"143":0,"144":0,"145":0,"146":0,"147":0,"148":0,"149":0,"150":0,"151":0,"152":0,"153":0,"154":0,"155":0,"156":0,"157":0,"158":0,"159":0,"160":0,"161":0,"162":0,"163":0,"164":0,"165":0,"166":0,"167":0,"168":0,"169":0,"170":0,"171":0,"172":0,"173":0,"174":0,"175":0,"176":0,"177":0,"178":0,"179":0,"180":0,"181":0,"182":0,"183":0},"b":{"0":[1,1],"1":[0,2],"2":[0,0],"3":[0,0],"4":[0,0],"5":[0,0],"6":[0,0],"7":[0,0],"8":[0,0],"9":[0,0],"10":[0,0],"11":[0,0],"12":[0,0],"13":[0,0],"14":[0],"15":[0],"16":[0,0],"17":[0,0],"18":[0,0],"19":[0,0],"20":[0,0],"21":[0,0],"22":[0,0],"23":[0,0],"24":[0,0],"25":[0,0],"26":[0,0],"27":[0,0],"28":[0,0,0,0,0],"29":[0,0],"30":[0,0],"31":[0,0],"32":[0,0],"33":[0,0,0],"34":[0,0],"35":[0,0],"36":[0,0],"37":[0,0],"38":[0,0],"39":[0,0],"40":[0,0],"41":[0,0],"42":[0,0],"43":[0,0,0],"44":[0,0],"45":[0,0],"46":[0,0],"47":[0,0],"48":[0,0],"49":[0,0],"50":[0,0],"51":[0,0],"52":[0,0],"53":[0,0],"54":[0,0],"55":[0,0],"56":[0,0],"57":[0,0],"58":[0,0],"59":[0,0],"60":[0,0],"61":[0,0],"62":[0,0],"63":[0,0],"64":[0,0],"65":[0,0],"66":[0,0],"67":[0,0],"68":[0,0],"69":[0,0],"70":[0,0],"71":[0,0],"72":[0,0],"73":[0,0],"74":[0,0],"75":[0,0],"76":[0,0],"77":[0,0],"78":[0,0],"79":[0,0],"80":[0,0],"81":[0,0],"82":[0,0],"83":[0,0],"84":[0,0],"85":[0,0],"86":[0,0],"87":[0,0],"88":[0,0],"89":[0,0],"90":[0,0],"91":[0,0],"92":[0,0],"93":[0,0],"94":[0,0],"95":[0,0],"96":[0,0],"97":[0,0],"98":[0,0],"99":[0,0],"100":[0,0],"101":[0,0],"102":[0,0],"103":[0,0],"104":[0,0],"105":[0,0],"106":[0,0],"107":[0,0],"108":[0,0],"109":[0,0],"110":[0,0],"111":[0,0],"112":[0,0],"113":[0,0],"114":[0,0],"115":[0,0],"116":[0,0],"117":[0,0],"118":[0,0],"119":[0,0],"120":[0,0],"121":[0,0],"122":[0,0],"123":[0,0],"124":[0,0],"125":[0,0],"126":[0,0],"127":[0,0],"128":[0,0],"129":[0,0],"130":[0,0],"131":[0,0],"132":[0,0],"133":[0,0],"134":[0,0],"135":[0,0],"136":[0,0],"137":[0,0],"138":[0,0],"139":[0,0],"140":[0,0],"141":[0,0],"142":[0,0],"143":[0,0],"144":[0,0],"145":[0,0],"146":[0,0],"147":[0,0],"148":[0,0],"149":[0,0],"150":[0,0,0],"151":[0,0],"152":[0,0],"153":[0,0],"154":[0,0],"155":[0,0],"156":[0,0,0],"157":[0,0],"158":[0,0],"159":[0,0],"160":[0,0]},"_coverageSchema":"1a1c01bbd47fc00a2c39e90264f33305004495a9","hash":"922707f65a6d22bee5fe352ebc6e68d956fd1aba"}
}
