TN:
SF:script.js
FN:2,updateGallery
FN:15,(anonymous_1)
FN:42,(anonymous_2)
FN:53,(anonymous_3)
FN:54,(anonymous_4)
FN:55,(anonymous_5)
FN:63,(anonymous_6)
FN:71,(anonymous_7)
FN:84,updateColorFacetsFor
FN:101,(anonymous_9)
FN:102,(anonymous_10)
FN:103,(anonymous_11)
FN:107,(anonymous_12)
FN:115,(anonymous_13)
FN:141,sortColors
FN:142,(anonymous_15)
FN:146,(anonymous_16)
FN:159,sortColors
FN:160,(anonymous_18)
FN:164,(anonymous_19)
FN:183,(anonymous_20)
FN:193,(anonymous_21)
FN:195,(anonymous_22)
FN:208,(anonymous_23)
FN:233,expandClusterBatched
FN:237,loadNext
FN:239,(anonymous_26)
FN:241,(anonymous_27)
FN:246,(anonymous_28)
FN:249,(anonymous_29)
FN:250,(anonymous_30)
FN:257,(anonymous_31)
FN:258,(anonymous_32)
FN:267,(anonymous_33)
FN:268,(anonymous_34)
FN:286,fetchAndRenderArtworks
FN:291,(anonymous_36)
FN:292,(anonymous_37)
FN:312,(anonymous_38)
FN:317,drawTimeBoxes
FN:325,(anonymous_40)
FN:356,(anonymous_41)
FN:357,(anonymous_42)
FN:382,(anonymous_43)
FN:401,(anonymous_44)
FN:419,(anonymous_45)
FN:427,(anonymous_46)
FN:446,(anonymous_47)
FN:469,(anonymous_48)
FN:486,(anonymous_49)
FN:501,(anonymous_50)
FN:509,(anonymous_51)
FN:510,(anonymous_52)
FN:515,(anonymous_53)
FN:521,(anonymous_54)
FN:528,(anonymous_55)
FN:540,(anonymous_56)
FN:541,(anonymous_57)
FN:558,(anonymous_58)
FN:559,(anonymous_59)
FN:566,(anonymous_60)
FN:574,(anonymous_61)
FN:610,performHybridClustering
FN:615,performCreatorClustering
FN:620,(anonymous_64)
FN:623,(anonymous_65)
FN:629,(anonymous_66)
FN:639,(anonymous_67)
FN:639,(anonymous_68)
FN:641,(anonymous_69)
FN:641,(anonymous_70)
FN:657,performTimeClustering
FN:670,(anonymous_72)
FN:670,(anonymous_73)
FN:672,(anonymous_74)
FN:672,(anonymous_75)
FN:686,performCreatorClustering
FN:690,(anonymous_77)
FN:693,(anonymous_78)
FN:697,(anonymous_79)
FN:707,(anonymous_80)
FN:707,(anonymous_81)
FN:709,(anonymous_82)
FN:709,(anonymous_83)
FN:718,performHybridClustering
FN:723,expandCluster
FN:724,(anonymous_86)
FN:725,(anonymous_87)
FN:727,(anonymous_88)
FN:752,(anonymous_89)
FN:753,(anonymous_90)
FN:760,(anonymous_91)
FN:762,(anonymous_92)
FN:777,(anonymous_93)
FN:795,(anonymous_94)
FN:805,(anonymous_95)
FN:821,(anonymous_96)
FN:829,(anonymous_97)
FN:830,(anonymous_98)
FN:843,(anonymous_99)
FN:857,(anonymous_100)
FN:868,(anonymous_101)
FN:887,(anonymous_102)
FN:895,(anonymous_103)
FN:905,(anonymous_104)
FN:914,(anonymous_105)
FN:923,(anonymous_106)
FN:927,(anonymous_107)
FN:939,(anonymous_108)
FN:943,(anonymous_109)
FN:954,(anonymous_110)
FN:969,(anonymous_111)
FN:971,(anonymous_112)
FN:972,(anonymous_113)
FN:973,(anonymous_114)
FN:974,(anonymous_115)
FN:975,(anonymous_116)
FN:975,(anonymous_117)
FN:979,(anonymous_118)
FN:986,(anonymous_119)
FN:987,(anonymous_120)
FN:1005,updateGraph
FN:1017,(anonymous_122)
FN:1023,(anonymous_123)
FN:1026,(anonymous_124)
FN:1032,(anonymous_125)
FN:1039,(anonymous_126)
FN:1048,(anonymous_127)
FN:1052,(anonymous_128)
FN:1061,(anonymous_129)
FN:1074,(anonymous_130)
FN:1076,(anonymous_131)
FN:1085,(anonymous_132)
FN:1094,(anonymous_133)
FN:1095,(anonymous_134)
FN:1126,dragStarted
FN:1131,dragged
FN:1135,dragEnded
FN:1179,parseYear
FN:1185,(anonymous_139)
FN:1186,(anonymous_140)
FN:1190,(anonymous_141)
FN:1193,(anonymous_142)
FN:1194,(anonymous_143)
FN:1199,(anonymous_144)
FN:1228,(anonymous_145)
FN:1237,(anonymous_146)
FN:1243,(anonymous_147)
FN:1244,(anonymous_148)
FN:1254,(anonymous_149)
FN:1260,(anonymous_150)
FN:1271,(anonymous_151)
FN:1278,(anonymous_152)
FN:1288,(anonymous_153)
FN:1293,(anonymous_154)
FN:1299,(anonymous_155)
FN:1309,(anonymous_156)
FN:1310,(anonymous_157)
FN:1315,(anonymous_158)
FN:1326,(anonymous_159)
FN:1333,(anonymous_160)
FN:1335,(anonymous_161)
FN:1343,(anonymous_162)
FN:1350,(anonymous_163)
FN:1353,(anonymous_164)
FN:1354,(anonymous_165)
FN:1364,(anonymous_166)
FN:1386,updateMapMarkers
FN:1388,(anonymous_168)
FN:1399,(anonymous_169)
FN:1406,(anonymous_170)
FN:1411,(anonymous_171)
FN:1421,getTitle
FN:1428,getCreatorLabels
FN:1431,(anonymous_174)
FN:1432,(anonymous_175)
FN:1437,getTimePeriod
FN:1443,getMediaType
FN:1450,updateGallery
FN:1463,(anonymous_179)
FN:1491,(anonymous_180)
FN:1502,(anonymous_181)
FN:1520,(anonymous_182)
FN:1534,clusterRadius
FNF:184
FNH:2
FNDA:2,updateGallery
FNDA:2,(anonymous_1)
FNDA:0,(anonymous_2)
FNDA:0,(anonymous_3)
FNDA:0,(anonymous_4)
FNDA:0,(anonymous_5)
FNDA:0,(anonymous_6)
FNDA:0,(anonymous_7)
FNDA:0,updateColorFacetsFor
FNDA:0,(anonymous_9)
FNDA:0,(anonymous_10)
FNDA:0,(anonymous_11)
FNDA:0,(anonymous_12)
FNDA:0,(anonymous_13)
FNDA:0,sortColors
FNDA:0,(anonymous_15)
FNDA:0,(anonymous_16)
FNDA:0,sortColors
FNDA:0,(anonymous_18)
FNDA:0,(anonymous_19)
FNDA:0,(anonymous_20)
FNDA:0,(anonymous_21)
FNDA:0,(anonymous_22)
FNDA:0,(anonymous_23)
FNDA:0,expandClusterBatched
FNDA:0,loadNext
FNDA:0,(anonymous_26)
FNDA:0,(anonymous_27)
FNDA:0,(anonymous_28)
FNDA:0,(anonymous_29)
FNDA:0,(anonymous_30)
FNDA:0,(anonymous_31)
FNDA:0,(anonymous_32)
FNDA:0,(anonymous_33)
FNDA:0,(anonymous_34)
FNDA:0,fetchAndRenderArtworks
FNDA:0,(anonymous_36)
FNDA:0,(anonymous_37)
FNDA:0,(anonymous_38)
FNDA:0,drawTimeBoxes
FNDA:0,(anonymous_40)
FNDA:0,(anonymous_41)
FNDA:0,(anonymous_42)
FNDA:0,(anonymous_43)
FNDA:0,(anonymous_44)
FNDA:0,(anonymous_45)
FNDA:0,(anonymous_46)
FNDA:0,(anonymous_47)
FNDA:0,(anonymous_48)
FNDA:0,(anonymous_49)
FNDA:0,(anonymous_50)
FNDA:0,(anonymous_51)
FNDA:0,(anonymous_52)
FNDA:0,(anonymous_53)
FNDA:0,(anonymous_54)
FNDA:0,(anonymous_55)
FNDA:0,(anonymous_56)
FNDA:0,(anonymous_57)
FNDA:0,(anonymous_58)
FNDA:0,(anonymous_59)
FNDA:0,(anonymous_60)
FNDA:0,(anonymous_61)
FNDA:0,performHybridClustering
FNDA:0,performCreatorClustering
FNDA:0,(anonymous_64)
FNDA:0,(anonymous_65)
FNDA:0,(anonymous_66)
FNDA:0,(anonymous_67)
FNDA:0,(anonymous_68)
FNDA:0,(anonymous_69)
FNDA:0,(anonymous_70)
FNDA:0,performTimeClustering
FNDA:0,(anonymous_72)
FNDA:0,(anonymous_73)
FNDA:0,(anonymous_74)
FNDA:0,(anonymous_75)
FNDA:0,performCreatorClustering
FNDA:0,(anonymous_77)
FNDA:0,(anonymous_78)
FNDA:0,(anonymous_79)
FNDA:0,(anonymous_80)
FNDA:0,(anonymous_81)
FNDA:0,(anonymous_82)
FNDA:0,(anonymous_83)
FNDA:0,performHybridClustering
FNDA:0,expandCluster
FNDA:0,(anonymous_86)
FNDA:0,(anonymous_87)
FNDA:0,(anonymous_88)
FNDA:0,(anonymous_89)
FNDA:0,(anonymous_90)
FNDA:0,(anonymous_91)
FNDA:0,(anonymous_92)
FNDA:0,(anonymous_93)
FNDA:0,(anonymous_94)
FNDA:0,(anonymous_95)
FNDA:0,(anonymous_96)
FNDA:0,(anonymous_97)
FNDA:0,(anonymous_98)
FNDA:0,(anonymous_99)
FNDA:0,(anonymous_100)
FNDA:0,(anonymous_101)
FNDA:0,(anonymous_102)
FNDA:0,(anonymous_103)
FNDA:0,(anonymous_104)
FNDA:0,(anonymous_105)
FNDA:0,(anonymous_106)
FNDA:0,(anonymous_107)
FNDA:0,(anonymous_108)
FNDA:0,(anonymous_109)
FNDA:0,(anonymous_110)
FNDA:0,(anonymous_111)
FNDA:0,(anonymous_112)
FNDA:0,(anonymous_113)
FNDA:0,(anonymous_114)
FNDA:0,(anonymous_115)
FNDA:0,(anonymous_116)
FNDA:0,(anonymous_117)
FNDA:0,(anonymous_118)
FNDA:0,(anonymous_119)
FNDA:0,(anonymous_120)
FNDA:0,updateGraph
FNDA:0,(anonymous_122)
FNDA:0,(anonymous_123)
FNDA:0,(anonymous_124)
FNDA:0,(anonymous_125)
FNDA:0,(anonymous_126)
FNDA:0,(anonymous_127)
FNDA:0,(anonymous_128)
FNDA:0,(anonymous_129)
FNDA:0,(anonymous_130)
FNDA:0,(anonymous_131)
FNDA:0,(anonymous_132)
FNDA:0,(anonymous_133)
FNDA:0,(anonymous_134)
FNDA:0,dragStarted
FNDA:0,dragged
FNDA:0,dragEnded
FNDA:0,parseYear
FNDA:0,(anonymous_139)
FNDA:0,(anonymous_140)
FNDA:0,(anonymous_141)
FNDA:0,(anonymous_142)
FNDA:0,(anonymous_143)
FNDA:0,(anonymous_144)
FNDA:0,(anonymous_145)
FNDA:0,(anonymous_146)
FNDA:0,(anonymous_147)
FNDA:0,(anonymous_148)
FNDA:0,(anonymous_149)
FNDA:0,(anonymous_150)
FNDA:0,(anonymous_151)
FNDA:0,(anonymous_152)
FNDA:0,(anonymous_153)
FNDA:0,(anonymous_154)
FNDA:0,(anonymous_155)
FNDA:0,(anonymous_156)
FNDA:0,(anonymous_157)
FNDA:0,(anonymous_158)
FNDA:0,(anonymous_159)
FNDA:0,(anonymous_160)
FNDA:0,(anonymous_161)
FNDA:0,(anonymous_162)
FNDA:0,(anonymous_163)
FNDA:0,(anonymous_164)
FNDA:0,(anonymous_165)
FNDA:0,(anonymous_166)
FNDA:0,updateMapMarkers
FNDA:0,(anonymous_168)
FNDA:0,(anonymous_169)
FNDA:0,(anonymous_170)
FNDA:0,(anonymous_171)
FNDA:0,getTitle
FNDA:0,getCreatorLabels
FNDA:0,(anonymous_174)
FNDA:0,(anonymous_175)
FNDA:0,getTimePeriod
FNDA:0,getMediaType
FNDA:0,updateGallery
FNDA:0,(anonymous_179)
FNDA:0,(anonymous_180)
FNDA:0,(anonymous_181)
FNDA:0,(anonymous_182)
FNDA:0,clusterRadius
DA:3,2
DA:6,2
DA:7,1
DA:8,1
DA:12,1
DA:15,1
DA:16,2
DA:19,2
DA:20,2
DA:24,2
DA:25,2
DA:26,2
DA:27,2
DA:30,2
DA:31,2
DA:32,2
DA:35,2
DA:38,2
DA:42,1
DA:46,0
DA:47,0
DA:48,0
DA:49,0
DA:52,0
DA:53,0
DA:55,0
DA:56,0
DA:59,0
DA:62,0
DA:63,0
DA:64,0
DA:65,0
DA:66,0
DA:67,0
DA:71,0
DA:72,0
DA:76,0
DA:85,0
DA:89,0
DA:100,0
DA:101,0
DA:103,0
DA:104,0
DA:107,0
DA:108,0
DA:111,0
DA:112,0
DA:115,0
DA:116,0
DA:117,0
DA:119,0
DA:120,0
DA:121,0
DA:123,0
DA:124,0
DA:125,0
DA:127,0
DA:128,0
DA:129,0
DA:131,0
DA:132,0
DA:142,0
DA:143,0
DA:144,0
DA:146,0
DA:147,0
DA:148,0
DA:149,0
DA:150,0
DA:151,0
DA:152,0
DA:160,0
DA:161,0
DA:162,0
DA:164,0
DA:165,0
DA:166,0
DA:168,0
DA:169,0
DA:171,0
DA:172,0
DA:183,0
DA:184,0
DA:185,0
DA:186,0
DA:193,0
DA:194,0
DA:195,0
DA:197,0
DA:198,0
DA:199,0
DA:202,0
DA:203,0
DA:207,0
DA:208,0
DA:212,0
DA:219,0
DA:228,0
DA:229,0
DA:234,0
DA:235,0
DA:239,0
DA:240,0
DA:241,0
DA:245,0
DA:246,0
DA:247,0
DA:248,0
DA:249,0
DA:250,0
DA:254,0
DA:255,0
DA:256,0
DA:257,0
DA:258,0
DA:262,0
DA:265,0
DA:266,0
DA:267,0
DA:269,0
DA:271,0
DA:272,0
DA:275,0
DA:276,0
DA:281,0
DA:288,0
DA:290,0
DA:291,0
DA:293,0
DA:294,0
DA:295,0
DA:298,0
DA:305,0
DA:307,0
DA:312,0
DA:316,0
DA:319,0
DA:320,0
DA:322,0
DA:325,0
DA:326,0
DA:327,0
DA:331,0
DA:336,0
DA:341,0
DA:354,0
DA:356,0
DA:357,0
DA:361,0
DA:362,0
DA:363,0
DA:364,0
DA:365,0
DA:372,0
DA:373,0
DA:378,0
DA:382,0
DA:383,0
DA:384,0
DA:385,0
DA:386,0
DA:389,0
DA:397,0
DA:398,0
DA:401,0
DA:402,0
DA:403,0
DA:404,0
DA:409,0
DA:411,0
DA:419,0
DA:420,0
DA:421,0
DA:422,0
DA:423,0
DA:424,0
DA:425,0
DA:428,0
DA:433,0
DA:446,0
DA:447,0
DA:448,0
DA:454,0
DA:455,0
DA:456,0
DA:460,0
DA:461,0
DA:462,0
DA:464,0
DA:465,0
DA:466,0
DA:467,0
DA:469,0
DA:470,0
DA:471,0
DA:472,0
DA:473,0
DA:480,0
DA:486,0
DA:487,0
DA:490,0
DA:491,0
DA:492,0
DA:495,0
DA:496,0
DA:497,0
DA:501,0
DA:502,0
DA:503,0
DA:504,0
DA:507,0
DA:509,0
DA:510,0
DA:515,0
DA:516,0
DA:517,0
DA:518,0
DA:519,0
DA:520,0
DA:521,0
DA:523,0
DA:528,0
DA:529,0
DA:530,0
DA:531,0
DA:532,0
DA:537,0
DA:538,0
DA:539,0
DA:540,0
DA:542,0
DA:554,0
DA:555,0
DA:556,0
DA:557,0
DA:558,0
DA:560,0
DA:561,0
DA:563,0
DA:564,0
DA:566,0
DA:567,0
DA:568,0
DA:569,0
DA:571,0
DA:574,0
DA:575,0
DA:578,0
DA:579,0
DA:580,0
DA:584,0
DA:585,0
DA:586,0
DA:590,0
DA:595,0
DA:599,0
DA:612,0
DA:616,0
DA:617,0
DA:618,0
DA:620,0
DA:621,0
DA:622,0
DA:623,0
DA:624,0
DA:629,0
DA:630,0
DA:631,0
DA:632,0
DA:639,0
DA:640,0
DA:641,0
DA:643,0
DA:644,0
DA:647,0
DA:654,0
DA:655,0
DA:658,0
DA:659,0
DA:660,0
DA:661,0
DA:662,0
DA:663,0
DA:670,0
DA:671,0
DA:672,0
DA:674,0
DA:675,0
DA:680,0
DA:683,0
DA:687,0
DA:688,0
DA:689,0
DA:690,0
DA:691,0
DA:692,0
DA:693,0
DA:694,0
DA:697,0
DA:698,0
DA:699,0
DA:700,0
DA:707,0
DA:708,0
DA:709,0
DA:711,0
DA:712,0
DA:715,0
DA:719,0
DA:720,0
DA:724,0
DA:725,0
DA:727,0
DA:728,0
DA:729,0
DA:731,0
DA:743,0
DA:744,0
DA:751,0
DA:752,0
DA:753,0
DA:758,0
DA:760,0
DA:761,0
DA:762,0
DA:763,0
DA:764,0
DA:765,0
DA:769,0
DA:773,0
DA:776,0
DA:777,0
DA:778,0
DA:779,0
DA:795,0
DA:796,0
DA:797,0
DA:798,0
DA:800,0
DA:805,0
DA:806,0
DA:807,0
DA:812,0
DA:821,0
DA:829,0
DA:831,0
DA:832,0
DA:833,0
DA:834,0
DA:835,0
DA:844,0
DA:845,0
DA:846,0
DA:850,0
DA:851,0
DA:858,0
DA:859,0
DA:860,0
DA:861,0
DA:863,0
DA:869,0
DA:870,0
DA:871,0
DA:872,0
DA:874,0
DA:879,0
DA:880,0
DA:882,0
DA:887,0
DA:891,0
DA:896,0
DA:897,0
DA:898,0
DA:902,0
DA:903,0
DA:906,0
DA:907,0
DA:908,0
DA:909,0
DA:910,0
DA:911,0
DA:912,0
DA:915,0
DA:916,0
DA:917,0
DA:918,0
DA:919,0
DA:920,0
DA:924,0
DA:927,0
DA:928,0
DA:929,0
DA:930,0
DA:933,0
DA:940,0
DA:944,0
DA:945,0
DA:946,0
DA:950,0
DA:951,0
DA:953,0
DA:955,0
DA:956,0
DA:969,0
DA:970,0
DA:971,0
DA:972,0
DA:973,0
DA:974,0
DA:975,0
DA:979,0
DA:980,0
DA:981,0
DA:982,0
DA:983,0
DA:984,0
DA:985,0
DA:986,0
DA:987,0
DA:988,0
DA:989,0
DA:990,0
DA:991,0
DA:992,0
DA:994,0
DA:995,0
DA:996,0
DA:1001,0
DA:1006,0
DA:1007,0
DA:1009,0
DA:1010,0
DA:1011,0
DA:1013,0
DA:1014,0
DA:1017,0
DA:1018,0
DA:1019,0
DA:1023,0
DA:1026,0
DA:1027,0
DA:1028,0
DA:1031,0
DA:1033,0
DA:1034,0
DA:1035,0
DA:1036,0
DA:1037,0
DA:1040,0
DA:1041,0
DA:1042,0
DA:1043,0
DA:1044,0
DA:1045,0
DA:1046,0
DA:1049,0
DA:1053,0
DA:1054,0
DA:1055,0
DA:1056,0
DA:1057,0
DA:1058,0
DA:1062,0
DA:1064,0
DA:1065,0
DA:1066,0
DA:1068,0
DA:1075,0
DA:1077,0
DA:1078,0
DA:1079,0
DA:1080,0
DA:1081,0
DA:1083,0
DA:1086,0
DA:1088,0
DA:1089,0
DA:1090,0
DA:1092,0
DA:1093,0
DA:1094,0
DA:1096,0
DA:1097,0
DA:1098,0
DA:1103,0
DA:1113,0
DA:1118,0
DA:1119,0
DA:1127,0
DA:1128,0
DA:1129,0
DA:1132,0
DA:1133,0
DA:1136,0
DA:1137,0
DA:1138,0
DA:1144,0
DA:1145,0
DA:1146,0
DA:1149,0
DA:1152,0
DA:1159,0
DA:1160,0
DA:1167,0
DA:1170,0
DA:1174,0
DA:1180,0
DA:1181,0
DA:1184,0
DA:1185,0
DA:1186,0
DA:1190,0
DA:1192,0
DA:1193,0
DA:1194,0
DA:1199,0
DA:1200,0
DA:1203,0
DA:1215,0
DA:1228,0
DA:1229,0
DA:1234,0
DA:1237,0
DA:1239,0
DA:1243,0
DA:1244,0
DA:1249,0
DA:1254,0
DA:1261,0
DA:1265,0
DA:1266,0
DA:1272,0
DA:1276,0
DA:1279,0
DA:1280,0
DA:1283,0
DA:1288,0
DA:1293,0
DA:1296,0
DA:1297,0
DA:1298,0
DA:1299,0
DA:1300,0
DA:1304,0
DA:1309,0
DA:1310,0
DA:1316,0
DA:1320,0
DA:1321,0
DA:1327,0
DA:1331,0
DA:1334,0
DA:1336,0
DA:1337,0
DA:1338,0
DA:1339,0
DA:1342,0
DA:1343,0
DA:1348,0
DA:1350,0
DA:1353,0
DA:1354,0
DA:1363,0
DA:1364,0
DA:1365,0
DA:1366,0
DA:1367,0
DA:1368,0
DA:1379,0
DA:1380,0
DA:1384,0
DA:1387,0
DA:1388,0
DA:1389,0
DA:1396,0
DA:1398,0
DA:1399,0
DA:1400,0
DA:1404,0
DA:1406,0
DA:1407,0
DA:1409,0
DA:1411,0
DA:1412,0
DA:1422,0
DA:1429,0
DA:1430,0
DA:1431,0
DA:1432,0
DA:1433,0
DA:1435,0
DA:1438,0
DA:1444,0
DA:1451,0
DA:1454,0
DA:1455,0
DA:1456,0
DA:1460,0
DA:1463,0
DA:1464,0
DA:1467,0
DA:1468,0
DA:1472,0
DA:1473,0
DA:1474,0
DA:1475,0
DA:1478,0
DA:1479,0
DA:1480,0
DA:1483,0
DA:1486,0
DA:1491,0
DA:1496,0
DA:1502,0
DA:1503,0
DA:1504,0
DA:1505,0
DA:1508,0
DA:1511,0
DA:1512,0
DA:1513,0
DA:1514,0
DA:1515,0
DA:1516,0
DA:1520,0
DA:1522,0
DA:1523,0
DA:1524,0
DA:1528,0
DA:1531,0
DA:1535,0
DA:1536,0
DA:1537,0
DA:1541,0
LF:634
LH:19
BRDA:6,0,0,1
BRDA:6,0,1,1
BRDA:16,1,0,0
BRDA:16,1,1,2
BRDA:56,2,0,0
BRDA:56,2,1,0
BRDA:85,3,0,0
BRDA:85,3,1,0
BRDA:104,4,0,0
BRDA:104,4,1,0
BRDA:144,5,0,0
BRDA:144,5,1,0
BRDA:148,6,0,0
BRDA:148,6,1,0
BRDA:150,7,0,0
BRDA:150,7,1,0
BRDA:162,8,0,0
BRDA:162,8,1,0
BRDA:166,9,0,0
BRDA:166,9,1,0
BRDA:169,10,0,0
BRDA:169,10,1,0
BRDA:185,11,0,0
BRDA:185,11,1,0
BRDA:197,12,0,0
BRDA:197,12,1,0
BRDA:203,13,0,0
BRDA:203,13,1,0
BRDA:233,14,0,0
BRDA:233,15,0,0
BRDA:241,16,0,0
BRDA:241,16,1,0
BRDA:249,17,0,0
BRDA:249,17,1,0
BRDA:254,18,0,0
BRDA:254,18,1,0
BRDA:269,19,0,0
BRDA:269,19,1,0
BRDA:275,20,0,0
BRDA:275,20,1,0
BRDA:293,21,0,0
BRDA:293,21,1,0
BRDA:372,22,0,0
BRDA:372,22,1,0
BRDA:383,23,0,0
BRDA:383,23,1,0
BRDA:398,24,0,0
BRDA:398,24,1,0
BRDA:403,25,0,0
BRDA:403,25,1,0
BRDA:420,26,0,0
BRDA:420,26,1,0
BRDA:425,27,0,0
BRDA:425,27,1,0
BRDA:428,28,0,0
BRDA:428,28,1,0
BRDA:428,28,2,0
BRDA:428,28,3,0
BRDA:428,28,4,0
BRDA:447,29,0,0
BRDA:447,29,1,0
BRDA:461,30,0,0
BRDA:461,30,1,0
BRDA:495,31,0,0
BRDA:495,31,1,0
BRDA:502,32,0,0
BRDA:502,32,1,0
BRDA:502,33,0,0
BRDA:502,33,1,0
BRDA:502,33,2,0
BRDA:509,34,0,0
BRDA:509,34,1,0
BRDA:516,35,0,0
BRDA:516,35,1,0
BRDA:517,36,0,0
BRDA:517,36,1,0
BRDA:518,37,0,0
BRDA:518,37,1,0
BRDA:518,38,0,0
BRDA:518,38,1,0
BRDA:519,39,0,0
BRDA:519,39,1,0
BRDA:529,40,0,0
BRDA:529,40,1,0
BRDA:530,41,0,0
BRDA:530,41,1,0
BRDA:531,42,0,0
BRDA:531,42,1,0
BRDA:531,43,0,0
BRDA:531,43,1,0
BRDA:531,43,2,0
BRDA:540,44,0,0
BRDA:540,44,1,0
BRDA:560,45,0,0
BRDA:560,45,1,0
BRDA:567,46,0,0
BRDA:567,46,1,0
BRDA:568,47,0,0
BRDA:568,47,1,0
BRDA:621,48,0,0
BRDA:621,48,1,0
BRDA:622,49,0,0
BRDA:622,49,1,0
BRDA:623,50,0,0
BRDA:623,50,1,0
BRDA:624,51,0,0
BRDA:624,51,1,0
BRDA:630,52,0,0
BRDA:630,52,1,0
BRDA:641,53,0,0
BRDA:641,53,1,0
BRDA:661,54,0,0
BRDA:661,54,1,0
BRDA:672,55,0,0
BRDA:672,55,1,0
BRDA:674,56,0,0
BRDA:674,56,1,0
BRDA:691,57,0,0
BRDA:691,57,1,0
BRDA:692,58,0,0
BRDA:692,58,1,0
BRDA:693,59,0,0
BRDA:693,59,1,0
BRDA:694,60,0,0
BRDA:694,60,1,0
BRDA:698,61,0,0
BRDA:698,61,1,0
BRDA:709,62,0,0
BRDA:709,62,1,0
BRDA:729,63,0,0
BRDA:729,63,1,0
BRDA:743,64,0,0
BRDA:743,64,1,0
BRDA:752,65,0,0
BRDA:752,65,1,0
BRDA:778,66,0,0
BRDA:778,66,1,0
BRDA:778,67,0,0
BRDA:778,67,1,0
BRDA:796,68,0,0
BRDA:796,68,1,0
BRDA:797,69,0,0
BRDA:797,69,1,0
BRDA:831,70,0,0
BRDA:831,70,1,0
BRDA:832,71,0,0
BRDA:832,71,1,0
BRDA:833,72,0,0
BRDA:833,72,1,0
BRDA:834,73,0,0
BRDA:834,73,1,0
BRDA:844,74,0,0
BRDA:844,74,1,0
BRDA:845,75,0,0
BRDA:845,75,1,0
BRDA:846,76,0,0
BRDA:846,76,1,0
BRDA:847,77,0,0
BRDA:847,77,1,0
BRDA:858,78,0,0
BRDA:858,78,1,0
BRDA:869,79,0,0
BRDA:869,79,1,0
BRDA:887,80,0,0
BRDA:887,80,1,0
BRDA:896,81,0,0
BRDA:896,81,1,0
BRDA:897,82,0,0
BRDA:897,82,1,0
BRDA:898,83,0,0
BRDA:898,83,1,0
BRDA:899,84,0,0
BRDA:899,84,1,0
BRDA:906,85,0,0
BRDA:906,85,1,0
BRDA:906,86,0,0
BRDA:906,86,1,0
BRDA:908,87,0,0
BRDA:908,87,1,0
BRDA:909,88,0,0
BRDA:909,88,1,0
BRDA:910,89,0,0
BRDA:910,89,1,0
BRDA:911,90,0,0
BRDA:911,90,1,0
BRDA:915,91,0,0
BRDA:915,91,1,0
BRDA:916,92,0,0
BRDA:916,92,1,0
BRDA:917,93,0,0
BRDA:917,93,1,0
BRDA:918,94,0,0
BRDA:918,94,1,0
BRDA:919,95,0,0
BRDA:919,95,1,0
BRDA:929,96,0,0
BRDA:929,96,1,0
BRDA:929,97,0,0
BRDA:929,97,1,0
BRDA:944,98,0,0
BRDA:944,98,1,0
BRDA:945,99,0,0
BRDA:945,99,1,0
BRDA:946,100,0,0
BRDA:946,100,1,0
BRDA:947,101,0,0
BRDA:947,101,1,0
BRDA:955,102,0,0
BRDA:955,102,1,0
BRDA:955,103,0,0
BRDA:955,103,1,0
BRDA:980,104,0,0
BRDA:980,104,1,0
BRDA:981,105,0,0
BRDA:981,105,1,0
BRDA:988,106,0,0
BRDA:988,106,1,0
BRDA:994,107,0,0
BRDA:994,107,1,0
BRDA:1023,108,0,0
BRDA:1023,108,1,0
BRDA:1033,109,0,0
BRDA:1033,109,1,0
BRDA:1034,110,0,0
BRDA:1034,110,1,0
BRDA:1035,111,0,0
BRDA:1035,111,1,0
BRDA:1035,112,0,0
BRDA:1035,112,1,0
BRDA:1040,113,0,0
BRDA:1040,113,1,0
BRDA:1040,114,0,0
BRDA:1040,114,1,0
BRDA:1042,115,0,0
BRDA:1042,115,1,0
BRDA:1043,116,0,0
BRDA:1043,116,1,0
BRDA:1044,117,0,0
BRDA:1044,117,1,0
BRDA:1045,118,0,0
BRDA:1045,118,1,0
BRDA:1049,119,0,0
BRDA:1049,119,1,0
BRDA:1049,120,0,0
BRDA:1049,120,1,0
BRDA:1053,121,0,0
BRDA:1053,121,1,0
BRDA:1054,122,0,0
BRDA:1054,122,1,0
BRDA:1055,123,0,0
BRDA:1055,123,1,0
BRDA:1056,124,0,0
BRDA:1056,124,1,0
BRDA:1057,125,0,0
BRDA:1057,125,1,0
BRDA:1065,126,0,0
BRDA:1065,126,1,0
BRDA:1065,127,0,0
BRDA:1065,127,1,0
BRDA:1077,128,0,0
BRDA:1077,128,1,0
BRDA:1078,129,0,0
BRDA:1078,129,1,0
BRDA:1079,130,0,0
BRDA:1079,130,1,0
BRDA:1079,131,0,0
BRDA:1079,131,1,0
BRDA:1086,132,0,0
BRDA:1086,132,1,0
BRDA:1086,133,0,0
BRDA:1086,133,1,0
BRDA:1097,134,0,0
BRDA:1097,134,1,0
BRDA:1127,135,0,0
BRDA:1127,135,1,0
BRDA:1136,136,0,0
BRDA:1136,136,1,0
BRDA:1181,137,0,0
BRDA:1181,137,1,0
BRDA:1231,138,0,0
BRDA:1231,138,1,0
BRDA:1231,139,0,0
BRDA:1231,139,1,0
BRDA:1237,140,0,0
BRDA:1237,140,1,0
BRDA:1267,141,0,0
BRDA:1267,141,1,0
BRDA:1336,142,0,0
BRDA:1336,142,1,0
BRDA:1337,143,0,0
BRDA:1337,143,1,0
BRDA:1338,144,0,0
BRDA:1338,144,1,0
BRDA:1367,145,0,0
BRDA:1367,145,1,0
BRDA:1367,146,0,0
BRDA:1367,146,1,0
BRDA:1391,147,0,0
BRDA:1391,147,1,0
BRDA:1398,148,0,0
BRDA:1398,148,1,0
BRDA:1409,149,0,0
BRDA:1409,149,1,0
BRDA:1423,150,0,0
BRDA:1423,150,1,0
BRDA:1423,150,2,0
BRDA:1429,151,0,0
BRDA:1429,151,1,0
BRDA:1432,152,0,0
BRDA:1432,152,1,0
BRDA:1433,153,0,0
BRDA:1433,153,1,0
BRDA:1435,154,0,0
BRDA:1435,154,1,0
BRDA:1439,155,0,0
BRDA:1439,155,1,0
BRDA:1445,156,0,0
BRDA:1445,156,1,0
BRDA:1445,156,2,0
BRDA:1454,157,0,0
BRDA:1454,157,1,0
BRDA:1464,158,0,0
BRDA:1464,158,1,0
BRDA:1523,159,0,0
BRDA:1523,159,1,0
BRDA:1535,160,0,0
BRDA:1535,160,1,0
BRF:327
BRH:3
end_of_record
